<?xml version="1.0" encoding="UTF-8"?>
<coverage generated="1491181600977" clover="3.2.0">
  <project timestamp="1491181600977" name="All files">
    <metrics statements="328" coveredstatements="193" conditionals="571" coveredconditionals="261" methods="62" coveredmethods="30" elements="961" coveredelements="484" complexity="0" loc="328" ncloc="328" packages="17" files="26" classes="26">
      <package name="src">
        <metrics statements="5" coveredstatements="4" conditionals="2" coveredconditionals="0" methods="1" coveredmethods="0"/>
        <file name="Divider.js" path="/Users/montewithpillow/developer/open_source/react-native-elements/src/Divider.js">
          <metrics statements="5" coveredstatements="4" conditionals="2" coveredconditionals="0" methods="1" coveredmethods="0"/>
          <line num="5" count="1" type="stmt"/>
          <line num="7" count="1" type="stmt"/>
          <line num="8" count="0" type="stmt"/>
          <line num="11" count="1" type="stmt"/>
          <line num="15" count="1" type="stmt"/>
        </file>
      </package>
      <package name="src.badge">
        <metrics statements="6" coveredstatements="4" conditionals="2" coveredconditionals="0" methods="1" coveredmethods="0"/>
        <file name="badge.js" path="/Users/montewithpillow/developer/open_source/react-native-elements/src/badge/badge.js">
          <metrics statements="6" coveredstatements="4" conditionals="2" coveredconditionals="0" methods="1" coveredmethods="0"/>
          <line num="4" count="2" type="stmt"/>
          <line num="6" count="2" type="stmt"/>
          <line num="7" count="0" type="stmt"/>
          <line num="8" count="0" type="stmt"/>
          <line num="15" count="2" type="stmt"/>
          <line num="19" count="2" type="stmt"/>
        </file>
      </package>
      <package name="src.buttons">
        <metrics statements="28" coveredstatements="20" conditionals="108" coveredconditionals="66" methods="5" coveredmethods="3"/>
        <file name="Button.js" path="/Users/montewithpillow/developer/open_source/react-native-elements/src/buttons/Button.js">
          <metrics statements="20" coveredstatements="13" conditionals="86" coveredconditionals="52" methods="2" coveredmethods="1"/>
          <line num="9" count="2" type="stmt"/>
          <line num="11" count="2" type="stmt"/>
          <line num="12" count="0" type="stmt"/>
          <line num="15" count="2" type="stmt"/>
          <line num="58" count="11" type="stmt"/>
          <line num="60" count="0" type="stmt"/>
          <line num="61" count="0" type="stmt"/>
          <line num="63" count="0" type="stmt"/>
          <line num="65" count="0" type="stmt"/>
          <line num="77" count="11" type="stmt"/>
          <line num="78" count="1" type="stmt"/>
          <line num="87" count="11" type="stmt"/>
          <line num="88" count="11" type="stmt"/>
          <line num="90" count="11" type="stmt"/>
          <line num="91" count="0" type="stmt"/>
          <line num="93" count="11" type="stmt"/>
          <line num="94" count="0" type="stmt"/>
          <line num="96" count="11" type="stmt"/>
          <line num="162" count="2" type="stmt"/>
          <line num="206" count="2" type="stmt"/>
        </file>
        <file name="ButtonGroup.js" path="/Users/montewithpillow/developer/open_source/react-native-elements/src/buttons/ButtonGroup.js">
          <metrics statements="8" coveredstatements="7" conditionals="22" coveredconditionals="14" methods="3" coveredmethods="2"/>
          <line num="7" count="1" type="stmt"/>
          <line num="9" count="1" type="stmt"/>
          <line num="25" count="1" type="stmt"/>
          <line num="26" count="1" type="stmt"/>
          <line num="30" count="3" type="stmt"/>
          <line num="36" count="0" type="stmt"/>
          <line num="66" count="1" type="stmt"/>
          <line num="101" count="1" type="stmt"/>
        </file>
      </package>
      <package name="src.checkbox">
        <metrics statements="13" coveredstatements="11" conditionals="28" coveredconditionals="14" methods="1" coveredmethods="1"/>
        <file name="CheckBox.js" path="/Users/montewithpillow/developer/open_source/react-native-elements/src/checkbox/CheckBox.js">
          <metrics statements="13" coveredstatements="11" conditionals="28" coveredconditionals="14" methods="1" coveredmethods="1"/>
          <line num="9" count="1" type="stmt"/>
          <line num="11" count="1" type="stmt"/>
          <line num="12" count="4" type="stmt"/>
          <line num="13" count="4" type="stmt"/>
          <line num="14" count="0" type="stmt"/>
          <line num="16" count="4" type="stmt"/>
          <line num="17" count="4" type="stmt"/>
          <line num="18" count="4" type="stmt"/>
          <line num="19" count="0" type="stmt"/>
          <line num="21" count="4" type="stmt"/>
          <line num="64" count="1" type="stmt"/>
          <line num="75" count="1" type="stmt"/>
          <line num="97" count="1" type="stmt"/>
        </file>
      </package>
      <package name="src.config">
        <metrics statements="0" coveredstatements="0" conditionals="0" coveredconditionals="0" methods="0" coveredmethods="0"/>
        <file name="colors.js" path="/Users/montewithpillow/developer/open_source/react-native-elements/src/config/colors.js">
          <metrics statements="0" coveredstatements="0" conditionals="0" coveredconditionals="0" methods="0" coveredmethods="0"/>
        </file>
        <file name="fonts.js" path="/Users/montewithpillow/developer/open_source/react-native-elements/src/config/fonts.js">
          <metrics statements="0" coveredstatements="0" conditionals="0" coveredconditionals="0" methods="0" coveredmethods="0"/>
        </file>
      </package>
      <package name="src.containers">
        <metrics statements="5" coveredstatements="5" conditionals="31" coveredconditionals="13" methods="1" coveredmethods="1"/>
        <file name="Card.js" path="/Users/montewithpillow/developer/open_source/react-native-elements/src/containers/Card.js">
          <metrics statements="5" coveredstatements="5" conditionals="31" coveredconditionals="13" methods="1" coveredmethods="1"/>
          <line num="9" count="1" type="stmt"/>
          <line num="11" count="1" type="stmt"/>
          <line num="23" count="2" type="stmt"/>
          <line num="60" count="1" type="stmt"/>
          <line num="73" count="1" type="stmt"/>
        </file>
      </package>
      <package name="src.form">
        <metrics statements="20" coveredstatements="16" conditionals="18" coveredconditionals="10" methods="5" coveredmethods="3"/>
        <file name="FormInput.js" path="/Users/montewithpillow/developer/open_source/react-native-elements/src/form/FormInput.js">
          <metrics statements="10" coveredstatements="6" conditionals="6" coveredconditionals="4" methods="3" coveredmethods="1"/>
          <line num="6" count="1" type="stmt"/>
          <line num="7" count="1" type="stmt"/>
          <line num="11" count="0" type="stmt"/>
          <line num="12" count="0" type="stmt"/>
          <line num="15" count="0" type="stmt"/>
          <line num="16" count="0" type="stmt"/>
          <line num="61" count="3" type="stmt"/>
          <line num="62" count="3" type="stmt"/>
          <line num="108" count="1" type="stmt"/>
          <line num="152" count="1" type="stmt"/>
        </file>
        <file name="FormLabel.js" path="/Users/montewithpillow/developer/open_source/react-native-elements/src/form/FormLabel.js">
          <metrics statements="5" coveredstatements="5" conditionals="6" coveredconditionals="3" methods="1" coveredmethods="1"/>
          <line num="8" count="1" type="stmt"/>
          <line num="10" count="1" type="stmt"/>
          <line num="11" count="2" type="stmt"/>
          <line num="20" count="1" type="stmt"/>
          <line num="27" count="1" type="stmt"/>
        </file>
        <file name="FormValidationMessage.js" path="/Users/montewithpillow/developer/open_source/react-native-elements/src/form/FormValidationMessage.js">
          <metrics statements="5" coveredstatements="5" conditionals="6" coveredconditionals="3" methods="1" coveredmethods="1"/>
          <line num="7" count="1" type="stmt"/>
          <line num="9" count="1" type="stmt"/>
          <line num="10" count="2" type="stmt"/>
          <line num="19" count="1" type="stmt"/>
          <line num="26" count="1" type="stmt"/>
        </file>
      </package>
      <package name="src.grid">
        <metrics statements="27" coveredstatements="23" conditionals="36" coveredconditionals="16" methods="5" coveredmethods="5"/>
        <file name="Col.js" path="/Users/montewithpillow/developer/open_source/react-native-elements/src/grid/Col.js">
          <metrics statements="8" coveredstatements="7" conditionals="12" coveredconditionals="5" methods="1" coveredmethods="1"/>
          <line num="4" count="1" type="stmt"/>
          <line num="5" count="2" type="stmt"/>
          <line num="7" count="2" type="stmt"/>
          <line num="14" count="2" type="stmt"/>
          <line num="15" count="0" type="stmt"/>
          <line num="33" count="2" type="stmt"/>
          <line num="46" count="1" type="stmt"/>
          <line num="54" count="1" type="stmt"/>
        </file>
        <file name="Grid.js" path="/Users/montewithpillow/developer/open_source/react-native-elements/src/grid/Grid.js">
          <metrics statements="11" coveredstatements="9" conditionals="12" coveredconditionals="6" methods="3" coveredmethods="3"/>
          <line num="14" count="2" type="stmt"/>
          <line num="15" count="2" type="stmt"/>
          <line num="16" count="1" type="stmt"/>
          <line num="17" count="0" type="stmt"/>
          <line num="21" count="2" type="stmt"/>
          <line num="25" count="2" type="stmt"/>
          <line num="27" count="2" type="stmt"/>
          <line num="28" count="0" type="stmt"/>
          <line num="43" count="2" type="stmt"/>
          <line num="57" count="1" type="stmt"/>
          <line num="64" count="1" type="stmt"/>
        </file>
        <file name="Row.js" path="/Users/montewithpillow/developer/open_source/react-native-elements/src/grid/Row.js">
          <metrics statements="8" coveredstatements="7" conditionals="12" coveredconditionals="5" methods="1" coveredmethods="1"/>
          <line num="4" count="2" type="stmt"/>
          <line num="5" count="2" type="stmt"/>
          <line num="7" count="2" type="stmt"/>
          <line num="14" count="2" type="stmt"/>
          <line num="15" count="0" type="stmt"/>
          <line num="33" count="2" type="stmt"/>
          <line num="46" count="2" type="stmt"/>
          <line num="54" count="2" type="stmt"/>
        </file>
      </package>
      <package name="src.helpers">
        <metrics statements="44" coveredstatements="14" conditionals="41" coveredconditionals="7" methods="2" coveredmethods="2"/>
        <file name="getIconType.js" path="/Users/montewithpillow/developer/open_source/react-native-elements/src/helpers/getIconType.js">
          <metrics statements="12" coveredstatements="2" conditionals="11" coveredconditionals="1" methods="1" coveredmethods="1"/>
          <line num="13" count="1" type="stmt"/>
          <line num="15" count="0" type="stmt"/>
          <line num="17" count="0" type="stmt"/>
          <line num="19" count="1" type="stmt"/>
          <line num="21" count="0" type="stmt"/>
          <line num="23" count="0" type="stmt"/>
          <line num="25" count="0" type="stmt"/>
          <line num="27" count="0" type="stmt"/>
          <line num="29" count="0" type="stmt"/>
          <line num="31" count="0" type="stmt"/>
          <line num="33" count="0" type="stmt"/>
          <line num="35" count="0" type="stmt"/>
        </file>
        <file name="normalizeText.js" path="/Users/montewithpillow/developer/open_source/react-native-elements/src/helpers/normalizeText.js">
          <metrics statements="32" coveredstatements="12" conditionals="30" coveredconditionals="6" methods="1" coveredmethods="1"/>
          <line num="12" count="15" type="stmt"/>
          <line num="16" count="15" type="stmt"/>
          <line num="18" count="15" type="stmt"/>
          <line num="19" count="15" type="stmt"/>
          <line num="20" count="15" type="stmt"/>
          <line num="31" count="15" type="stmt"/>
          <line num="32" count="21" type="stmt"/>
          <line num="34" count="21" type="stmt"/>
          <line num="35" count="0" type="stmt"/>
          <line num="38" count="21" type="stmt"/>
          <line num="39" count="0" type="stmt"/>
          <line num="41" count="21" type="stmt"/>
          <line num="42" count="0" type="stmt"/>
          <line num="45" count="21" type="stmt"/>
          <line num="47" count="0" type="stmt"/>
          <line num="50" count="0" type="stmt"/>
          <line num="51" count="0" type="stmt"/>
          <line num="54" count="0" type="stmt"/>
          <line num="55" count="0" type="stmt"/>
          <line num="59" count="0" type="stmt"/>
          <line num="60" count="0" type="stmt"/>
          <line num="64" count="0" type="stmt"/>
          <line num="66" count="0" type="stmt"/>
          <line num="69" count="0" type="stmt"/>
          <line num="70" count="0" type="stmt"/>
          <line num="73" count="0" type="stmt"/>
          <line num="74" count="0" type="stmt"/>
          <line num="78" count="0" type="stmt"/>
          <line num="79" count="0" type="stmt"/>
          <line num="82" count="0" type="stmt"/>
          <line num="85" count="0" type="stmt"/>
          <line num="88" count="15" type="stmt"/>
        </file>
      </package>
      <package name="src.icons">
        <metrics statements="14" coveredstatements="11" conditionals="28" coveredconditionals="15" methods="1" coveredmethods="1"/>
        <file name="Icon.js" path="/Users/montewithpillow/developer/open_source/react-native-elements/src/icons/Icon.js">
          <metrics statements="14" coveredstatements="11" conditionals="28" coveredconditionals="15" methods="1" coveredmethods="1"/>
          <line num="5" count="5" type="stmt"/>
          <line num="7" count="5" type="stmt"/>
          <line num="22" count="1" type="stmt"/>
          <line num="23" count="1" type="stmt"/>
          <line num="24" count="0" type="stmt"/>
          <line num="26" count="1" type="stmt"/>
          <line num="27" count="0" type="stmt"/>
          <line num="30" count="1" type="stmt"/>
          <line num="31" count="1" type="stmt"/>
          <line num="33" count="0" type="stmt"/>
          <line num="35" count="1" type="stmt"/>
          <line num="68" count="5" type="stmt"/>
          <line num="84" count="5" type="stmt"/>
          <line num="93" count="5" type="stmt"/>
        </file>
      </package>
      <package name="src.input">
        <metrics statements="9" coveredstatements="5" conditionals="40" coveredconditionals="18" methods="3" coveredmethods="1"/>
        <file name="Search.js" path="/Users/montewithpillow/developer/open_source/react-native-elements/src/input/Search.js">
          <metrics statements="9" coveredstatements="5" conditionals="40" coveredconditionals="18" methods="3" coveredmethods="1"/>
          <line num="9" count="0" type="stmt"/>
          <line num="10" count="0" type="stmt"/>
          <line num="14" count="0" type="stmt"/>
          <line num="15" count="0" type="stmt"/>
          <line num="71" count="1" type="stmt"/>
          <line num="72" count="1" type="stmt"/>
          <line num="171" count="1" type="stmt"/>
          <line num="224" count="1" type="stmt"/>
          <line num="234" count="1" type="stmt"/>
        </file>
      </package>
      <package name="src.list">
        <metrics statements="14" coveredstatements="12" conditionals="73" coveredconditionals="24" methods="2" coveredmethods="2"/>
        <file name="List.js" path="/Users/montewithpillow/developer/open_source/react-native-elements/src/list/List.js">
          <metrics statements="4" coveredstatements="4" conditionals="2" coveredconditionals="1" methods="1" coveredmethods="1"/>
          <line num="6" count="1" type="stmt"/>
          <line num="7" count="2" type="stmt"/>
          <line num="12" count="1" type="stmt"/>
          <line num="17" count="1" type="stmt"/>
        </file>
        <file name="ListItem.js" path="/Users/montewithpillow/developer/open_source/react-native-elements/src/list/ListItem.js">
          <metrics statements="10" coveredstatements="8" conditionals="71" coveredconditionals="23" methods="1" coveredmethods="1"/>
          <line num="12" count="2" type="stmt"/>
          <line num="63" count="1" type="stmt"/>
          <line num="64" count="1" type="stmt"/>
          <line num="65" count="0" type="stmt"/>
          <line num="67" count="1" type="stmt"/>
          <line num="68" count="0" type="stmt"/>
          <line num="70" count="1" type="stmt"/>
          <line num="202" count="2" type="stmt"/>
          <line num="212" count="2" type="stmt"/>
          <line num="266" count="2" type="stmt"/>
        </file>
      </package>
      <package name="src.pricing">
        <metrics statements="7" coveredstatements="7" conditionals="12" coveredconditionals="6" methods="2" coveredmethods="2"/>
        <file name="PricingCard.js" path="/Users/montewithpillow/developer/open_source/react-native-elements/src/pricing/PricingCard.js">
          <metrics statements="7" coveredstatements="7" conditionals="12" coveredconditionals="6" methods="2" coveredmethods="2"/>
          <line num="9" count="1" type="stmt"/>
          <line num="11" count="1" type="stmt"/>
          <line num="25" count="1" type="stmt"/>
          <line num="38" count="3" type="stmt"/>
          <line num="59" count="1" type="stmt"/>
          <line num="77" count="1" type="stmt"/>
          <line num="81" count="1" type="stmt"/>
        </file>
      </package>
      <package name="src.slider">
        <metrics statements="101" coveredstatements="30" conditionals="40" coveredconditionals="8" methods="28" coveredmethods="5"/>
        <file name="Slider.js" path="/Users/montewithpillow/developer/open_source/react-native-elements/src/slider/Slider.js">
          <metrics statements="101" coveredstatements="30" conditionals="40" coveredconditionals="8" methods="28" coveredmethods="5"/>
          <line num="7" count="1" type="stmt"/>
          <line num="8" count="1" type="stmt"/>
          <line num="10" count="1" type="stmt"/>
          <line num="23" count="0" type="stmt"/>
          <line num="24" count="0" type="stmt"/>
          <line num="25" count="0" type="stmt"/>
          <line num="26" count="0" type="stmt"/>
          <line num="29" count="1" type="stmt"/>
          <line num="30" count="0" type="stmt"/>
          <line num="38" count="1" type="stmt"/>
          <line num="39" count="1" type="stmt"/>
          <line num="49" count="1" type="stmt"/>
          <line num="61" count="0" type="stmt"/>
          <line num="63" count="0" type="stmt"/>
          <line num="64" count="0" type="stmt"/>
          <line num="65" count="0" type="stmt"/>
          <line num="68" count="0" type="stmt"/>
          <line num="104" count="0" type="stmt"/>
          <line num="108" count="0" type="stmt"/>
          <line num="109" count="0" type="stmt"/>
          <line num="117" count="0" type="stmt"/>
          <line num="122" count="0" type="stmt"/>
          <line num="126" count="0" type="stmt"/>
          <line num="127" count="0" type="stmt"/>
          <line num="131" count="0" type="stmt"/>
          <line num="132" count="0" type="stmt"/>
          <line num="135" count="0" type="stmt"/>
          <line num="136" count="0" type="stmt"/>
          <line num="141" count="0" type="stmt"/>
          <line num="145" count="0" type="stmt"/>
          <line num="146" count="0" type="stmt"/>
          <line num="149" count="0" type="stmt"/>
          <line num="150" count="0" type="stmt"/>
          <line num="154" count="0" type="stmt"/>
          <line num="155" count="0" type="stmt"/>
          <line num="156" count="0" type="stmt"/>
          <line num="161" count="0" type="stmt"/>
          <line num="165" count="0" type="stmt"/>
          <line num="166" count="0" type="stmt"/>
          <line num="171" count="1" type="stmt"/>
          <line num="172" count="1" type="stmt"/>
          <line num="174" count="1" type="stmt"/>
          <line num="175" count="1" type="stmt"/>
          <line num="176" count="0" type="stmt"/>
          <line num="177" count="0" type="stmt"/>
          <line num="180" count="1" type="stmt"/>
          <line num="184" count="1" type="stmt"/>
          <line num="186" count="1" type="stmt"/>
          <line num="187" count="1" type="stmt"/>
          <line num="188" count="0" type="stmt"/>
          <line num="189" count="0" type="stmt"/>
          <line num="190" count="0" type="stmt"/>
          <line num="192" count="0" type="stmt"/>
          <line num="193" count="0" type="stmt"/>
          <line num="194" count="0" type="stmt"/>
          <line num="197" count="1" type="stmt"/>
          <line num="198" count="0" type="stmt"/>
          <line num="199" count="0" type="stmt"/>
          <line num="202" count="1" type="stmt"/>
          <line num="206" count="0" type="stmt"/>
          <line num="207" count="0" type="stmt"/>
          <line num="209" count="0" type="stmt"/>
          <line num="210" count="0" type="stmt"/>
          <line num="211" count="0" type="stmt"/>
          <line num="212" count="0" type="stmt"/>
          <line num="214" count="0" type="stmt"/>
          <line num="216" count="0" type="stmt"/>
          <line num="217" count="0" type="stmt"/>
          <line num="227" count="0" type="stmt"/>
          <line num="231" count="0" type="stmt"/>
          <line num="235" count="0" type="stmt"/>
          <line num="239" count="0" type="stmt"/>
          <line num="240" count="0" type="stmt"/>
          <line num="242" count="0" type="stmt"/>
          <line num="244" count="0" type="stmt"/>
          <line num="245" count="0" type="stmt"/>
          <line num="251" count="0" type="stmt"/>
          <line num="260" count="0" type="stmt"/>
          <line num="264" count="0" type="stmt"/>
          <line num="268" count="0" type="stmt"/>
          <line num="269" count="0" type="stmt"/>
          <line num="273" count="0" type="stmt"/>
          <line num="274" count="0" type="stmt"/>
          <line num="275" count="0" type="stmt"/>
          <line num="277" count="0" type="stmt"/>
          <line num="286" count="0" type="stmt"/>
          <line num="287" count="0" type="stmt"/>
          <line num="294" count="0" type="stmt"/>
          <line num="315" count="1" type="stmt"/>
          <line num="317" count="1" type="stmt"/>
          <line num="319" count="1" type="stmt"/>
          <line num="320" count="1" type="stmt"/>
          <line num="326" count="1" type="stmt"/>
          <line num="327" count="1" type="stmt"/>
          <line num="328" count="1" type="stmt"/>
          <line num="331" count="1" type="stmt"/>
          <line num="339" count="1" type="stmt"/>
          <line num="341" count="1" type="stmt"/>
          <line num="371" count="1" type="stmt"/>
          <line num="486" count="1" type="stmt"/>
          <line num="499" count="1" type="stmt"/>
        </file>
      </package>
      <package name="src.social">
        <metrics statements="11" coveredstatements="9" conditionals="56" coveredconditionals="28" methods="2" coveredmethods="1"/>
        <file name="SocialIcon.js" path="/Users/montewithpillow/developer/open_source/react-native-elements/src/social/SocialIcon.js">
          <metrics statements="11" coveredstatements="9" conditionals="56" coveredconditionals="28" methods="2" coveredmethods="1"/>
          <line num="8" count="1" type="stmt"/>
          <line num="9" count="0" type="stmt"/>
          <line num="12" count="1" type="stmt"/>
          <line num="36" count="1" type="stmt"/>
          <line num="57" count="1" type="stmt"/>
          <line num="59" count="1" type="stmt"/>
          <line num="60" count="0" type="stmt"/>
          <line num="69" count="1" type="stmt"/>
          <line num="115" count="1" type="stmt"/>
          <line num="140" count="1" type="stmt"/>
          <line num="147" count="1" type="stmt"/>
        </file>
      </package>
      <package name="src.text">
        <metrics statements="5" coveredstatements="5" conditionals="20" coveredconditionals="18" methods="1" coveredmethods="1"/>
        <file name="Text.js" path="/Users/montewithpillow/developer/open_source/react-native-elements/src/text/Text.js">
          <metrics statements="5" coveredstatements="5" conditionals="20" coveredconditionals="18" methods="1" coveredmethods="1"/>
          <line num="6" count="13" type="stmt"/>
          <line num="8" count="13" type="stmt"/>
          <line num="9" count="6" type="stmt"/>
          <line num="25" count="13" type="stmt"/>
          <line num="35" count="13" type="stmt"/>
        </file>
      </package>
      <package name="src.tile">
        <metrics statements="19" coveredstatements="17" conditionals="36" coveredconditionals="18" methods="2" coveredmethods="2"/>
        <file name="FeaturedTile.js" path="/Users/montewithpillow/developer/open_source/react-native-elements/src/tile/FeaturedTile.js">
          <metrics statements="8" coveredstatements="8" conditionals="18" coveredconditionals="9" methods="1" coveredmethods="1"/>
          <line num="12" count="2" type="stmt"/>
          <line num="28" count="1" type="stmt"/>
          <line num="29" count="1" type="stmt"/>
          <line num="31" count="1" type="stmt"/>
          <line num="32" count="1" type="stmt"/>
          <line num="35" count="1" type="stmt"/>
          <line num="77" count="1" type="stmt"/>
          <line num="130" count="2" type="stmt"/>
        </file>
        <file name="Tile.js" path="/Users/montewithpillow/developer/open_source/react-native-elements/src/tile/Tile.js">
          <metrics statements="11" coveredstatements="9" conditionals="18" coveredconditionals="9" methods="1" coveredmethods="1"/>
          <line num="13" count="1" type="stmt"/>
          <line num="32" count="1" type="stmt"/>
          <line num="33" count="1" type="stmt"/>
          <line num="36" count="1" type="stmt"/>
          <line num="37" count="1" type="stmt"/>
          <line num="40" count="1" type="stmt"/>
          <line num="69" count="1" type="stmt"/>
          <line num="70" count="0" type="stmt"/>
          <line num="85" count="0" type="stmt"/>
          <line num="90" count="1" type="stmt"/>
          <line num="136" count="1" type="stmt"/>
        </file>
      </package>
    </metrics>
  </project>
</coverage>
