{"/Users/montewithpillow/developer/open_source/react-native-elements/src/Divider.js": {"path":"/Users/montewithpillow/developer/open_source/react-native-elements/src/Divider.js","statementMap":{"0":{"start":{"line":5,"column":13},"end":{"line":5,"column":15}},"1":{"start":{"line":7,"column":16},"end":{"line":9,"column":1}},"2":{"start":{"line":8,"column":2},"end":{"line":8,"column":53}},"3":{"start":{"line":11,"column":0},"end":{"line":13,"column":2}},"4":{"start":{"line":15,"column":0},"end":{"line":20,"column":3}}},"fnMap":{"0":{"name":"(anonymous_0)","decl":{"start":{"line":7,"column":16},"end":{"line":7,"column":17}},"loc":{"start":{"line":8,"column":2},"end":{"line":8,"column":53}}}},"branchMap":{"0":{"loc":{"start":{"line":8,"column":34},"end":{"line":8,"column":48}},"type":"binary-expr","locations":[{"start":{"line":8,"column":34},"end":{"line":8,"column":39}},{"start":{"line":8,"column":43},"end":{"line":8,"column":48}}]}},"s":{"0":1,"1":1,"2":0,"3":1,"4":1},"f":{"0":0},"b":{"0":[0,0]},"_coverageSchema":"332fd63041d2c1bcb487cc26dd0d5f7d97098a6c","hash":"56361a5ec605deffe6d9cf0595823588fd95f26f"}
,"/Users/montewithpillow/developer/open_source/react-native-elements/src/badge/badge.js": {"path":"/Users/montewithpillow/developer/open_source/react-native-elements/src/badge/badge.js","statementMap":{"0":{"start":{"line":4,"column":13},"end":{"line":4,"column":15}},"1":{"start":{"line":6,"column":14},"end":{"line":13,"column":1}},"2":{"start":{"line":7,"column":2},"end":{"line":7,"column":42}},"3":{"start":{"line":7,"column":21},"end":{"line":7,"column":42}},"4":{"start":{"line":8,"column":2},"end":{"line":12,"column":4}},"5":{"start":{"line":15,"column":0},"end":{"line":17,"column":2}},"6":{"start":{"line":19,"column":0},"end":{"line":34,"column":3}}},"fnMap":{"0":{"name":"(anonymous_0)","decl":{"start":{"line":6,"column":14},"end":{"line":6,"column":15}},"loc":{"start":{"line":6,"column":29},"end":{"line":13,"column":1}}}},"branchMap":{"0":{"loc":{"start":{"line":7,"column":2},"end":{"line":7,"column":42}},"type":"if","locations":[{"start":{"line":7,"column":2},"end":{"line":7,"column":42}},{"start":{"line":7,"column":2},"end":{"line":7,"column":42}}]}},"s":{"0":2,"1":2,"2":0,"3":0,"4":0,"5":2,"6":2},"f":{"0":0},"b":{"0":[0,0]},"_coverageSchema":"332fd63041d2c1bcb487cc26dd0d5f7d97098a6c","hash":"2f4cfe497daf7379ff221a62c49af107eb94271c"}
,"/Users/montewithpillow/developer/open_source/react-native-elements/src/buttons/Button.js": {"path":"/Users/montewithpillow/developer/open_source/react-native-elements/src/buttons/Button.js","statementMap":{"0":{"start":{"line":9,"column":13},"end":{"line":9,"column":15}},"1":{"start":{"line":11,"column":12},"end":{"line":13,"column":1}},"2":{"start":{"line":12,"column":2},"end":{"line":12,"column":56}},"3":{"start":{"line":15,"column":15},"end":{"line":160,"column":1}},"4":{"start":{"line":58,"column":2},"end":{"line":75,"column":3}},"5":{"start":{"line":60,"column":4},"end":{"line":64,"column":5}},"6":{"start":{"line":61,"column":6},"end":{"line":61,"column":26}},"7":{"start":{"line":63,"column":6},"end":{"line":63,"column":36}},"8":{"start":{"line":65,"column":4},"end":{"line":74,"column":6}},"9":{"start":{"line":77,"column":2},"end":{"line":86,"column":3}},"10":{"start":{"line":78,"column":4},"end":{"line":85,"column":6}},"11":{"start":{"line":87,"column":2},"end":{"line":89,"column":3}},"12":{"start":{"line":88,"column":4},"end":{"line":88,"column":35}},"13":{"start":{"line":90,"column":2},"end":{"line":92,"column":3}},"14":{"start":{"line":91,"column":4},"end":{"line":91,"column":40}},"15":{"start":{"line":93,"column":2},"end":{"line":95,"column":3}},"16":{"start":{"line":94,"column":4},"end":{"line":94,"column":35}},"17":{"start":{"line":96,"column":2},"end":{"line":159,"column":4}},"18":{"start":{"line":162,"column":0},"end":{"line":204,"column":2}},"19":{"start":{"line":206,"column":0},"end":{"line":249,"column":3}}},"fnMap":{"0":{"name":"(anonymous_0)","decl":{"start":{"line":11,"column":12},"end":{"line":11,"column":13}},"loc":{"start":{"line":11,"column":18},"end":{"line":13,"column":1}}},"1":{"name":"(anonymous_1)","decl":{"start":{"line":15,"column":15},"end":{"line":15,"column":16}},"loc":{"start":{"line":56,"column":18},"end":{"line":160,"column":1}}}},"branchMap":{"0":{"loc":{"start":{"line":58,"column":2},"end":{"line":75,"column":3}},"type":"if","locations":[{"start":{"line":58,"column":2},"end":{"line":75,"column":3}},{"start":{"line":58,"column":2},"end":{"line":75,"column":3}}]},"1":{"loc":{"start":{"line":60,"column":4},"end":{"line":64,"column":5}},"type":"if","locations":[{"start":{"line":60,"column":4},"end":{"line":64,"column":5}},{"start":{"line":60,"column":4},"end":{"line":64,"column":5}}]},"2":{"loc":{"start":{"line":67,"column":15},"end":{"line":67,"column":36}},"type":"binary-expr","locations":[{"start":{"line":67,"column":15},"end":{"line":67,"column":25}},{"start":{"line":67,"column":29},"end":{"line":67,"column":36}}]},"3":{"loc":{"start":{"line":68,"column":14},"end":{"line":68,"column":44}},"type":"binary-expr","locations":[{"start":{"line":68,"column":14},"end":{"line":68,"column":23}},{"start":{"line":68,"column":28},"end":{"line":68,"column":43}}]},"4":{"loc":{"start":{"line":68,"column":28},"end":{"line":68,"column":43}},"type":"cond-expr","locations":[{"start":{"line":68,"column":36},"end":{"line":68,"column":38}},{"start":{"line":68,"column":41},"end":{"line":68,"column":43}}]},"5":{"loc":{"start":{"line":70,"column":10},"end":{"line":70,"column":52}},"type":"cond-expr","locations":[{"start":{"line":70,"column":22},"end":{"line":70,"column":38}},{"start":{"line":70,"column":41},"end":{"line":70,"column":52}}]},"6":{"loc":{"start":{"line":71,"column":10},"end":{"line":71,"column":34}},"type":"binary-expr","locations":[{"start":{"line":71,"column":10},"end":{"line":71,"column":20}},{"start":{"line":71,"column":24},"end":{"line":71,"column":34}}]},"7":{"loc":{"start":{"line":77,"column":2},"end":{"line":86,"column":3}},"type":"if","locations":[{"start":{"line":77,"column":2},"end":{"line":86,"column":3}},{"start":{"line":77,"column":2},"end":{"line":86,"column":3}}]},"8":{"loc":{"start":{"line":82,"column":15},"end":{"line":82,"column":31}},"type":"binary-expr","locations":[{"start":{"line":82,"column":15},"end":{"line":82,"column":20}},{"start":{"line":82,"column":24},"end":{"line":82,"column":31}}]},"9":{"loc":{"start":{"line":83,"column":14},"end":{"line":83,"column":41}},"type":"binary-expr","locations":[{"start":{"line":83,"column":14},"end":{"line":83,"column":19}},{"start":{"line":83,"column":23},"end":{"line":83,"column":30}},{"start":{"line":83,"column":34},"end":{"line":83,"column":41}}]},"10":{"loc":{"start":{"line":87,"column":2},"end":{"line":89,"column":3}},"type":"if","locations":[{"start":{"line":87,"column":2},"end":{"line":89,"column":3}},{"start":{"line":87,"column":2},"end":{"line":89,"column":3}}]},"11":{"loc":{"start":{"line":87,"column":6},"end":{"line":87,"column":41}},"type":"binary-expr","locations":[{"start":{"line":87,"column":6},"end":{"line":87,"column":16}},{"start":{"line":87,"column":20},"end":{"line":87,"column":41}}]},"12":{"loc":{"start":{"line":90,"column":2},"end":{"line":92,"column":3}},"type":"if","locations":[{"start":{"line":90,"column":2},"end":{"line":92,"column":3}},{"start":{"line":90,"column":2},"end":{"line":92,"column":3}}]},"13":{"loc":{"start":{"line":90,"column":6},"end":{"line":90,"column":45}},"type":"binary-expr","locations":[{"start":{"line":90,"column":6},"end":{"line":90,"column":16}},{"start":{"line":90,"column":20},"end":{"line":90,"column":45}}]},"14":{"loc":{"start":{"line":93,"column":2},"end":{"line":95,"column":3}},"type":"if","locations":[{"start":{"line":93,"column":2},"end":{"line":95,"column":3}},{"start":{"line":93,"column":2},"end":{"line":95,"column":3}}]},"15":{"loc":{"start":{"line":113,"column":21},"end":{"line":113,"column":51}},"type":"binary-expr","locations":[{"start":{"line":113,"column":21},"end":{"line":113,"column":34}},{"start":{"line":113,"column":38},"end":{"line":113,"column":51}}]},"16":{"loc":{"start":{"line":114,"column":15},"end":{"line":114,"column":29}},"type":"binary-expr","locations":[{"start":{"line":114,"column":15},"end":{"line":114,"column":22}},{"start":{"line":114,"column":26},"end":{"line":114,"column":29}}]},"17":{"loc":{"start":{"line":115,"column":16},"end":{"line":115,"column":33}},"type":"binary-expr","locations":[{"start":{"line":115,"column":16},"end":{"line":115,"column":24}},{"start":{"line":115,"column":28},"end":{"line":115,"column":33}}]},"18":{"loc":{"start":{"line":119,"column":10},"end":{"line":119,"column":58}},"type":"binary-expr","locations":[{"start":{"line":119,"column":10},"end":{"line":119,"column":19}},{"start":{"line":119,"column":23},"end":{"line":119,"column":58}}]},"19":{"loc":{"start":{"line":120,"column":10},"end":{"line":120,"column":60}},"type":"binary-expr","locations":[{"start":{"line":120,"column":10},"end":{"line":120,"column":20}},{"start":{"line":120,"column":24},"end":{"line":120,"column":60}}]},"20":{"loc":{"start":{"line":121,"column":10},"end":{"line":121,"column":60}},"type":"binary-expr","locations":[{"start":{"line":121,"column":10},"end":{"line":121,"column":20}},{"start":{"line":121,"column":24},"end":{"line":121,"column":60}}]},"21":{"loc":{"start":{"line":122,"column":10},"end":{"line":122,"column":56}},"type":"binary-expr","locations":[{"start":{"line":122,"column":10},"end":{"line":122,"column":18}},{"start":{"line":122,"column":22},"end":{"line":122,"column":56}}]},"22":{"loc":{"start":{"line":123,"column":10},"end":{"line":123,"column":56}},"type":"binary-expr","locations":[{"start":{"line":123,"column":10},"end":{"line":123,"column":18}},{"start":{"line":123,"column":22},"end":{"line":123,"column":56}}]},"23":{"loc":{"start":{"line":124,"column":10},"end":{"line":124,"column":63}},"type":"binary-expr","locations":[{"start":{"line":124,"column":10},"end":{"line":124,"column":25}},{"start":{"line":124,"column":29},"end":{"line":124,"column":63}}]},"24":{"loc":{"start":{"line":125,"column":10},"end":{"line":125,"column":40}},"type":"binary-expr","locations":[{"start":{"line":125,"column":10},"end":{"line":125,"column":22}},{"start":{"line":125,"column":26},"end":{"line":125,"column":40}}]},"25":{"loc":{"start":{"line":126,"column":10},"end":{"line":126,"column":33}},"type":"binary-expr","locations":[{"start":{"line":126,"column":10},"end":{"line":126,"column":16}},{"start":{"line":126,"column":20},"end":{"line":126,"column":33}}]},"26":{"loc":{"start":{"line":127,"column":10},"end":{"line":127,"column":32}},"type":"binary-expr","locations":[{"start":{"line":127,"column":10},"end":{"line":127,"column":16}},{"start":{"line":127,"column":20},"end":{"line":127,"column":32}}]},"27":{"loc":{"start":{"line":128,"column":10},"end":{"line":128,"column":36}},"type":"binary-expr","locations":[{"start":{"line":128,"column":10},"end":{"line":128,"column":21}},{"start":{"line":128,"column":25},"end":{"line":128,"column":36}}]},"28":{"loc":{"start":{"line":129,"column":10},"end":{"line":129,"column":56}},"type":"binary-expr","locations":[{"start":{"line":129,"column":10},"end":{"line":129,"column":18}},{"start":{"line":129,"column":22},"end":{"line":129,"column":56}}]},"29":{"loc":{"start":{"line":130,"column":10},"end":{"line":130,"column":52}},"type":"binary-expr","locations":[{"start":{"line":130,"column":10},"end":{"line":130,"column":18}},{"start":{"line":130,"column":22},"end":{"line":130,"column":35}},{"start":{"line":130,"column":39},"end":{"line":130,"column":52}}]},"30":{"loc":{"start":{"line":134,"column":10},"end":{"line":134,"column":43}},"type":"binary-expr","locations":[{"start":{"line":134,"column":10},"end":{"line":134,"column":14}},{"start":{"line":134,"column":18},"end":{"line":134,"column":28}},{"start":{"line":134,"column":32},"end":{"line":134,"column":43}}]},"31":{"loc":{"start":{"line":137,"column":10},"end":{"line":137,"column":52}},"type":"binary-expr","locations":[{"start":{"line":137,"column":10},"end":{"line":137,"column":17}},{"start":{"line":137,"column":21},"end":{"line":137,"column":34}},{"start":{"line":137,"column":38},"end":{"line":137,"column":52}}]},"32":{"loc":{"start":{"line":142,"column":12},"end":{"line":142,"column":28}},"type":"binary-expr","locations":[{"start":{"line":142,"column":12},"end":{"line":142,"column":17}},{"start":{"line":142,"column":21},"end":{"line":142,"column":28}}]},"33":{"loc":{"start":{"line":143,"column":12},"end":{"line":143,"column":38}},"type":"binary-expr","locations":[{"start":{"line":143,"column":12},"end":{"line":143,"column":18}},{"start":{"line":143,"column":22},"end":{"line":143,"column":38}}]},"34":{"loc":{"start":{"line":144,"column":12},"end":{"line":144,"column":34}},"type":"binary-expr","locations":[{"start":{"line":144,"column":12},"end":{"line":144,"column":20}},{"start":{"line":144,"column":24},"end":{"line":144,"column":34}}]},"35":{"loc":{"start":{"line":145,"column":12},"end":{"line":145,"column":34}},"type":"binary-expr","locations":[{"start":{"line":145,"column":12},"end":{"line":145,"column":21}},{"start":{"line":145,"column":25},"end":{"line":145,"column":34}}]},"36":{"loc":{"start":{"line":146,"column":12},"end":{"line":146,"column":38}},"type":"binary-expr","locations":[{"start":{"line":146,"column":12},"end":{"line":146,"column":22}},{"start":{"line":146,"column":26},"end":{"line":146,"column":38}}]},"37":{"loc":{"start":{"line":147,"column":12},"end":{"line":147,"column":38}},"type":"binary-expr","locations":[{"start":{"line":147,"column":12},"end":{"line":147,"column":22}},{"start":{"line":147,"column":26},"end":{"line":147,"column":38}}]},"38":{"loc":{"start":{"line":152,"column":10},"end":{"line":152,"column":51}},"type":"binary-expr","locations":[{"start":{"line":152,"column":10},"end":{"line":152,"column":17}},{"start":{"line":152,"column":21},"end":{"line":152,"column":33}},{"start":{"line":152,"column":37},"end":{"line":152,"column":51}}]},"39":{"loc":{"start":{"line":155,"column":10},"end":{"line":155,"column":42}},"type":"binary-expr","locations":[{"start":{"line":155,"column":10},"end":{"line":155,"column":14}},{"start":{"line":155,"column":18},"end":{"line":155,"column":27}},{"start":{"line":155,"column":31},"end":{"line":155,"column":42}}]}},"s":{"0":2,"1":2,"2":0,"3":2,"4":11,"5":0,"6":0,"7":0,"8":0,"9":11,"10":1,"11":11,"12":11,"13":11,"14":0,"15":11,"16":0,"17":11,"18":2,"19":2},"f":{"0":0,"1":11},"b":{"0":[0,11],"1":[0,0],"2":[0,0],"3":[0,0],"4":[0,0],"5":[0,0],"6":[0,0],"7":[1,10],"8":[1,1],"9":[1,0,1],"10":[11,0],"11":[11,11],"12":[0,11],"13":[11,0],"14":[0,11],"15":[11,11],"16":[11,10],"17":[11,11],"18":[11,1],"19":[11,1],"20":[11,1],"21":[11,1],"22":[11,1],"23":[11,1],"24":[11,0],"25":[11,0],"26":[11,11],"27":[11,0],"28":[11,0],"29":[11,0,0],"30":[11,0,0],"31":[11,1,1],"32":[11,0],"33":[11,11],"34":[11,0],"35":[11,0],"36":[11,0],"37":[11,0],"38":[11,1,0],"39":[11,0,0]},"_coverageSchema":"332fd63041d2c1bcb487cc26dd0d5f7d97098a6c","hash":"76df674905a97787ae695ce68a7666eeee98b3fb"}
,"/Users/montewithpillow/developer/open_source/react-native-elements/src/buttons/ButtonGroup.js": {"path":"/Users/montewithpillow/developer/open_source/react-native-elements/src/buttons/ButtonGroup.js","statementMap":{"0":{"start":{"line":7,"column":13},"end":{"line":7,"column":15}},"1":{"start":{"line":9,"column":20},"end":{"line":64,"column":1}},"2":{"start":{"line":25,"column":20},"end":{"line":25,"column":51}},"3":{"start":{"line":26,"column":2},"end":{"line":63,"column":4}},"4":{"start":{"line":30,"column":10},"end":{"line":59,"column":12}},"5":{"start":{"line":36,"column":29},"end":{"line":36,"column":39}},"6":{"start":{"line":66,"column":0},"end":{"line":99,"column":3}},"7":{"start":{"line":101,"column":0},"end":{"line":117,"column":2}}},"fnMap":{"0":{"name":"(anonymous_0)","decl":{"start":{"line":9,"column":20},"end":{"line":9,"column":21}},"loc":{"start":{"line":24,"column":6},"end":{"line":64,"column":1}}},"1":{"name":"(anonymous_1)","decl":{"start":{"line":29,"column":20},"end":{"line":29,"column":21}},"loc":{"start":{"line":29,"column":35},"end":{"line":60,"column":9}}},"2":{"name":"(anonymous_2)","decl":{"start":{"line":36,"column":23},"end":{"line":36,"column":24}},"loc":{"start":{"line":36,"column":29},"end":{"line":36,"column":39}}}},"branchMap":{"0":{"loc":{"start":{"line":25,"column":20},"end":{"line":25,"column":51}},"type":"binary-expr","locations":[{"start":{"line":25,"column":20},"end":{"line":25,"column":29}},{"start":{"line":25,"column":33},"end":{"line":25,"column":51}}]},"1":{"loc":{"start":{"line":27,"column":36},"end":{"line":27,"column":68}},"type":"binary-expr","locations":[{"start":{"line":27,"column":36},"end":{"line":27,"column":50}},{"start":{"line":27,"column":54},"end":{"line":27,"column":68}}]},"2":{"loc":{"start":{"line":35,"column":29},"end":{"line":35,"column":55}},"type":"binary-expr","locations":[{"start":{"line":35,"column":29},"end":{"line":35,"column":42}},{"start":{"line":35,"column":46},"end":{"line":35,"column":55}}]},"3":{"loc":{"start":{"line":41,"column":16},"end":{"line":41,"column":60}},"type":"binary-expr","locations":[{"start":{"line":41,"column":16},"end":{"line":41,"column":38}},{"start":{"line":41,"column":42},"end":{"line":41,"column":60}}]},"4":{"loc":{"start":{"line":42,"column":16},"end":{"line":42,"column":53}},"type":"binary-expr","locations":[{"start":{"line":42,"column":16},"end":{"line":42,"column":38}},{"start":{"line":42,"column":42},"end":{"line":42,"column":53}}]},"5":{"loc":{"start":{"line":43,"column":16},"end":{"line":43,"column":92}},"type":"binary-expr","locations":[{"start":{"line":43,"column":16},"end":{"line":43,"column":35}},{"start":{"line":43,"column":39},"end":{"line":43,"column":92}}]},"6":{"loc":{"start":{"line":43,"column":57},"end":{"line":43,"column":91}},"type":"binary-expr","locations":[{"start":{"line":43,"column":57},"end":{"line":43,"column":80}},{"start":{"line":43,"column":84},"end":{"line":43,"column":91}}]},"7":{"loc":{"start":{"line":47,"column":16},"end":{"line":55,"column":17}},"type":"cond-expr","locations":[{"start":{"line":47,"column":33},"end":{"line":47,"column":51}},{"start":{"line":48,"column":18},"end":{"line":54,"column":36}}]},"8":{"loc":{"start":{"line":51,"column":20},"end":{"line":51,"column":42}},"type":"binary-expr","locations":[{"start":{"line":51,"column":20},"end":{"line":51,"column":29}},{"start":{"line":51,"column":33},"end":{"line":51,"column":42}}]},"9":{"loc":{"start":{"line":52,"column":20},"end":{"line":52,"column":64}},"type":"binary-expr","locations":[{"start":{"line":52,"column":20},"end":{"line":52,"column":39}},{"start":{"line":52,"column":43},"end":{"line":52,"column":64}}]},"10":{"loc":{"start":{"line":53,"column":20},"end":{"line":53,"column":60}},"type":"binary-expr","locations":[{"start":{"line":53,"column":20},"end":{"line":53,"column":39}},{"start":{"line":53,"column":43},"end":{"line":53,"column":60}}]}},"s":{"0":1,"1":1,"2":1,"3":1,"4":3,"5":0,"6":1,"7":1},"f":{"0":1,"1":3,"2":0},"b":{"0":[1,1],"1":[1,0],"2":[3,3],"3":[3,2],"4":[3,2],"5":[3,0],"6":[0,0],"7":[0,3],"8":[3,0],"9":[3,0],"10":[3,0]},"_coverageSchema":"332fd63041d2c1bcb487cc26dd0d5f7d97098a6c","hash":"83f8454e27da47c65377d3ef8dc9d9cc10c6e3f2"}
,"/Users/montewithpillow/developer/open_source/react-native-elements/src/checkbox/CheckBox.js": {"path":"/Users/montewithpillow/developer/open_source/react-native-elements/src/checkbox/CheckBox.js","statementMap":{"0":{"start":{"line":9,"column":13},"end":{"line":9,"column":15}},"1":{"start":{"line":11,"column":17},"end":{"line":62,"column":1}},"2":{"start":{"line":12,"column":13},"end":{"line":12,"column":19}},"3":{"start":{"line":13,"column":2},"end":{"line":15,"column":3}},"4":{"start":{"line":14,"column":4},"end":{"line":14,"column":33}},"5":{"start":{"line":16,"column":20},"end":{"line":16,"column":49}},"6":{"start":{"line":17,"column":17},"end":{"line":17,"column":30}},"7":{"start":{"line":18,"column":2},"end":{"line":20,"column":3}},"8":{"start":{"line":19,"column":4},"end":{"line":19,"column":27}},"9":{"start":{"line":21,"column":2},"end":{"line":61,"column":4}},"10":{"start":{"line":64,"column":0},"end":{"line":73,"column":2}},"11":{"start":{"line":75,"column":0},"end":{"line":95,"column":2}},"12":{"start":{"line":97,"column":0},"end":{"line":125,"column":3}}},"fnMap":{"0":{"name":"(anonymous_0)","decl":{"start":{"line":11,"column":17},"end":{"line":11,"column":18}},"loc":{"start":{"line":11,"column":249},"end":{"line":62,"column":1}}}},"branchMap":{"0":{"loc":{"start":{"line":13,"column":2},"end":{"line":15,"column":3}},"type":"if","locations":[{"start":{"line":13,"column":2},"end":{"line":15,"column":3}},{"start":{"line":13,"column":2},"end":{"line":15,"column":3}}]},"1":{"loc":{"start":{"line":16,"column":20},"end":{"line":16,"column":49}},"type":"binary-expr","locations":[{"start":{"line":16,"column":20},"end":{"line":16,"column":29}},{"start":{"line":16,"column":33},"end":{"line":16,"column":49}}]},"2":{"loc":{"start":{"line":18,"column":2},"end":{"line":20,"column":3}},"type":"if","locations":[{"start":{"line":18,"column":2},"end":{"line":20,"column":3}},{"start":{"line":18,"column":2},"end":{"line":20,"column":3}}]},"3":{"loc":{"start":{"line":27,"column":8},"end":{"line":27,"column":40}},"type":"binary-expr","locations":[{"start":{"line":27,"column":8},"end":{"line":27,"column":22}},{"start":{"line":27,"column":26},"end":{"line":27,"column":40}}]},"4":{"loc":{"start":{"line":31,"column":8},"end":{"line":31,"column":45}},"type":"binary-expr","locations":[{"start":{"line":31,"column":8},"end":{"line":31,"column":13}},{"start":{"line":31,"column":17},"end":{"line":31,"column":45}}]},"5":{"loc":{"start":{"line":32,"column":8},"end":{"line":32,"column":44}},"type":"binary-expr","locations":[{"start":{"line":32,"column":8},"end":{"line":32,"column":14}},{"start":{"line":32,"column":18},"end":{"line":32,"column":44}}]},"6":{"loc":{"start":{"line":35,"column":10},"end":{"line":42,"column":11}},"type":"binary-expr","locations":[{"start":{"line":35,"column":10},"end":{"line":35,"column":20}},{"start":{"line":36,"column":12},"end":{"line":41,"column":38}}]},"7":{"loc":{"start":{"line":37,"column":21},"end":{"line":37,"column":60}},"type":"cond-expr","locations":[{"start":{"line":37,"column":31},"end":{"line":37,"column":43}},{"start":{"line":37,"column":46},"end":{"line":37,"column":60}}]},"8":{"loc":{"start":{"line":46,"column":10},"end":{"line":46,"column":32}},"type":"binary-expr","locations":[{"start":{"line":46,"column":10},"end":{"line":46,"column":19}},{"start":{"line":46,"column":23},"end":{"line":46,"column":32}}]},"9":{"loc":{"start":{"line":47,"column":10},"end":{"line":47,"column":36}},"type":"binary-expr","locations":[{"start":{"line":47,"column":10},"end":{"line":47,"column":20}},{"start":{"line":47,"column":24},"end":{"line":47,"column":36}}]},"10":{"loc":{"start":{"line":49,"column":11},"end":{"line":49,"column":50}},"type":"cond-expr","locations":[{"start":{"line":49,"column":21},"end":{"line":49,"column":42}},{"start":{"line":49,"column":45},"end":{"line":49,"column":50}}]},"11":{"loc":{"start":{"line":49,"column":21},"end":{"line":49,"column":42}},"type":"binary-expr","locations":[{"start":{"line":49,"column":21},"end":{"line":49,"column":33}},{"start":{"line":49,"column":37},"end":{"line":49,"column":42}}]},"12":{"loc":{"start":{"line":52,"column":10},"end":{"line":57,"column":11}},"type":"binary-expr","locations":[{"start":{"line":52,"column":10},"end":{"line":52,"column":19}},{"start":{"line":53,"column":12},"end":{"line":56,"column":26}}]},"13":{"loc":{"start":{"line":54,"column":21},"end":{"line":54,"column":60}},"type":"cond-expr","locations":[{"start":{"line":54,"column":31},"end":{"line":54,"column":43}},{"start":{"line":54,"column":46},"end":{"line":54,"column":60}}]}},"s":{"0":1,"1":1,"2":4,"3":4,"4":0,"5":4,"6":4,"7":4,"8":0,"9":4,"10":1,"11":1,"12":1},"f":{"0":4},"b":{"0":[0,4],"1":[4,3],"2":[0,4],"3":[4,0],"4":[4,0],"5":[4,0],"6":[4,4],"7":[0,4],"8":[4,0],"9":[4,0],"10":[0,4],"11":[0,0],"12":[4,0],"13":[0,0]},"_coverageSchema":"332fd63041d2c1bcb487cc26dd0d5f7d97098a6c","hash":"6fa96d236c603f7cc95e9cd3001bbcd9b6a6b012"}
,"/Users/montewithpillow/developer/open_source/react-native-elements/src/config/colors.js": {"path":"/Users/montewithpillow/developer/open_source/react-native-elements/src/config/colors.js","statementMap":{},"fnMap":{},"branchMap":{},"s":{},"f":{},"b":{},"_coverageSchema":"332fd63041d2c1bcb487cc26dd0d5f7d97098a6c","hash":"4dff43f28ff95eb7e0069d268c8f5b20d0b5309a"}
,"/Users/montewithpillow/developer/open_source/react-native-elements/src/config/fonts.js": {"path":"/Users/montewithpillow/developer/open_source/react-native-elements/src/config/fonts.js","statementMap":{},"fnMap":{},"branchMap":{},"s":{},"f":{},"b":{},"_coverageSchema":"332fd63041d2c1bcb487cc26dd0d5f7d97098a6c","hash":"dbf1d49de19f3f991dc77f8b8dbe46ec41e2c9da"}
,"/Users/montewithpillow/developer/open_source/react-native-elements/src/containers/Card.js": {"path":"/Users/montewithpillow/developer/open_source/react-native-elements/src/containers/Card.js","statementMap":{"0":{"start":{"line":9,"column":13},"end":{"line":9,"column":15}},"1":{"start":{"line":11,"column":13},"end":{"line":58,"column":1}},"2":{"start":{"line":23,"column":2},"end":{"line":57,"column":9}},"3":{"start":{"line":60,"column":0},"end":{"line":72,"column":2}},"4":{"start":{"line":74,"column":0},"end":{"line":127,"column":3}}},"fnMap":{"0":{"name":"(anonymous_0)","decl":{"start":{"line":11,"column":13},"end":{"line":11,"column":14}},"loc":{"start":{"line":23,"column":2},"end":{"line":57,"column":9}}}},"branchMap":{"0":{"loc":{"start":{"line":25,"column":4},"end":{"line":25,"column":25}},"type":"binary-expr","locations":[{"start":{"line":25,"column":4},"end":{"line":25,"column":9}},{"start":{"line":25,"column":13},"end":{"line":25,"column":25}}]},"1":{"loc":{"start":{"line":26,"column":4},"end":{"line":26,"column":36}},"type":"binary-expr","locations":[{"start":{"line":26,"column":4},"end":{"line":26,"column":18}},{"start":{"line":26,"column":22},"end":{"line":26,"column":36}}]},"2":{"loc":{"start":{"line":27,"column":34},"end":{"line":27,"column":62}},"type":"binary-expr","locations":[{"start":{"line":27,"column":34},"end":{"line":27,"column":46}},{"start":{"line":27,"column":50},"end":{"line":27,"column":62}}]},"3":{"loc":{"start":{"line":27,"column":64},"end":{"line":27,"column":96}},"type":"binary-expr","locations":[{"start":{"line":27,"column":64},"end":{"line":27,"column":77}},{"start":{"line":27,"column":81},"end":{"line":27,"column":96}}]},"4":{"loc":{"start":{"line":29,"column":8},"end":{"line":38,"column":9}},"type":"binary-expr","locations":[{"start":{"line":29,"column":8},"end":{"line":29,"column":13}},{"start":{"line":29,"column":17},"end":{"line":29,"column":23}},{"start":{"line":30,"column":10},"end":{"line":37,"column":17}}]},"5":{"loc":{"start":{"line":33,"column":14},"end":{"line":33,"column":38}},"type":"binary-expr","locations":[{"start":{"line":33,"column":14},"end":{"line":33,"column":24}},{"start":{"line":33,"column":28},"end":{"line":33,"column":38}}]},"6":{"loc":{"start":{"line":34,"column":14},"end":{"line":34,"column":40}},"type":"binary-expr","locations":[{"start":{"line":34,"column":14},"end":{"line":34,"column":24}},{"start":{"line":34,"column":28},"end":{"line":34,"column":40}}]},"7":{"loc":{"start":{"line":36,"column":45},"end":{"line":36,"column":73}},"type":"binary-expr","locations":[{"start":{"line":36,"column":45},"end":{"line":36,"column":57}},{"start":{"line":36,"column":61},"end":{"line":36,"column":73}}]},"8":{"loc":{"start":{"line":41,"column":8},"end":{"line":53,"column":9}},"type":"binary-expr","locations":[{"start":{"line":41,"column":8},"end":{"line":41,"column":13}},{"start":{"line":42,"column":10},"end":{"line":52,"column":17}}]},"9":{"loc":{"start":{"line":42,"column":23},"end":{"line":42,"column":61}},"type":"binary-expr","locations":[{"start":{"line":42,"column":23},"end":{"line":42,"column":40}},{"start":{"line":42,"column":44},"end":{"line":42,"column":61}}]},"10":{"loc":{"start":{"line":45,"column":50},"end":{"line":45,"column":74}},"type":"binary-expr","locations":[{"start":{"line":45,"column":50},"end":{"line":45,"column":60}},{"start":{"line":45,"column":64},"end":{"line":45,"column":74}}]},"11":{"loc":{"start":{"line":48,"column":37},"end":{"line":48,"column":65}},"type":"binary-expr","locations":[{"start":{"line":48,"column":37},"end":{"line":48,"column":49}},{"start":{"line":48,"column":53},"end":{"line":48,"column":65}}]},"12":{"loc":{"start":{"line":49,"column":15},"end":{"line":49,"column":98}},"type":"binary-expr","locations":[{"start":{"line":49,"column":15},"end":{"line":49,"column":20}},{"start":{"line":49,"column":24},"end":{"line":49,"column":98}}]},"13":{"loc":{"start":{"line":49,"column":57},"end":{"line":49,"column":81}},"type":"binary-expr","locations":[{"start":{"line":49,"column":57},"end":{"line":49,"column":67}},{"start":{"line":49,"column":71},"end":{"line":49,"column":81}}]},"14":{"loc":{"start":{"line":55,"column":8},"end":{"line":55,"column":26}},"type":"binary-expr","locations":[{"start":{"line":55,"column":8},"end":{"line":55,"column":14}},{"start":{"line":55,"column":18},"end":{"line":55,"column":26}}]}},"s":{"0":1,"1":1,"2":2,"3":1,"4":1},"f":{"0":2},"b":{"0":[2,0],"1":[2,0],"2":[2,0],"3":[2,0],"4":[2,1,1],"5":[1,0],"6":[1,0],"7":[1,0],"8":[2,0],"9":[0,0],"10":[0,0],"11":[0,0],"12":[0,0],"13":[0,0],"14":[2,2]},"_coverageSchema":"332fd63041d2c1bcb487cc26dd0d5f7d97098a6c","hash":"e6e4b834ce62cf0cc5a328b4468445869a27559e"}
,"/Users/montewithpillow/developer/open_source/react-native-elements/src/form/FormInput.js": {"path":"/Users/montewithpillow/developer/open_source/react-native-elements/src/form/FormInput.js","statementMap":{"0":{"start":{"line":6,"column":13},"end":{"line":6,"column":15}},"1":{"start":{"line":7,"column":16},"end":{"line":7,"column":40}},"2":{"start":{"line":11,"column":16},"end":{"line":11,"column":39}},"3":{"start":{"line":12,"column":4},"end":{"line":12,"column":27}},"4":{"start":{"line":15,"column":16},"end":{"line":15,"column":39}},"5":{"start":{"line":16,"column":4},"end":{"line":16,"column":26}},"6":{"start":{"line":61,"column":6},"end":{"line":61,"column":16}},"7":{"start":{"line":62,"column":2},"end":{"line":104,"column":13}},"8":{"start":{"line":108,"column":0},"end":{"line":150,"column":2}},"9":{"start":{"line":152,"column":0},"end":{"line":178,"column":3}}},"fnMap":{"0":{"name":"(anonymous_0)","decl":{"start":{"line":10,"column":2},"end":{"line":10,"column":3}},"loc":{"start":{"line":10,"column":10},"end":{"line":13,"column":3}}},"1":{"name":"(anonymous_1)","decl":{"start":{"line":14,"column":2},"end":{"line":14,"column":3}},"loc":{"start":{"line":14,"column":9},"end":{"line":17,"column":3}}},"2":{"name":"(anonymous_2)","decl":{"start":{"line":18,"column":2},"end":{"line":18,"column":3}},"loc":{"start":{"line":18,"column":12},"end":{"line":105,"column":3}}}},"branchMap":{"0":{"loc":{"start":{"line":63,"column":55},"end":{"line":63,"column":87}},"type":"binary-expr","locations":[{"start":{"line":63,"column":55},"end":{"line":63,"column":69}},{"start":{"line":63,"column":73},"end":{"line":63,"column":87}}]},"1":{"loc":{"start":{"line":101,"column":24},"end":{"line":101,"column":54}},"type":"binary-expr","locations":[{"start":{"line":101,"column":24},"end":{"line":101,"column":38}},{"start":{"line":101,"column":42},"end":{"line":101,"column":54}}]},"2":{"loc":{"start":{"line":103,"column":30},"end":{"line":103,"column":54}},"type":"binary-expr","locations":[{"start":{"line":103,"column":30},"end":{"line":103,"column":40}},{"start":{"line":103,"column":44},"end":{"line":103,"column":54}}]}},"s":{"0":1,"1":1,"2":0,"3":0,"4":0,"5":0,"6":3,"7":3,"8":1,"9":1},"f":{"0":0,"1":0,"2":3},"b":{"0":[3,0],"1":[3,3],"2":[3,0]},"_coverageSchema":"332fd63041d2c1bcb487cc26dd0d5f7d97098a6c","hash":"d38d31826abe9dd07fd31512cd7b1f18ba2a6280"}
,"/Users/montewithpillow/developer/open_source/react-native-elements/src/form/FormLabel.js": {"path":"/Users/montewithpillow/developer/open_source/react-native-elements/src/form/FormLabel.js","statementMap":{"0":{"start":{"line":8,"column":13},"end":{"line":8,"column":15}},"1":{"start":{"line":10,"column":18},"end":{"line":18,"column":1}},"2":{"start":{"line":11,"column":2},"end":{"line":17,"column":9}},"3":{"start":{"line":20,"column":0},"end":{"line":25,"column":2}},"4":{"start":{"line":27,"column":0},"end":{"line":45,"column":3}}},"fnMap":{"0":{"name":"(anonymous_0)","decl":{"start":{"line":10,"column":18},"end":{"line":10,"column":19}},"loc":{"start":{"line":11,"column":2},"end":{"line":17,"column":9}}}},"branchMap":{"0":{"loc":{"start":{"line":11,"column":34},"end":{"line":11,"column":66}},"type":"binary-expr","locations":[{"start":{"line":11,"column":34},"end":{"line":11,"column":48}},{"start":{"line":11,"column":52},"end":{"line":11,"column":66}}]},"1":{"loc":{"start":{"line":14,"column":6},"end":{"line":14,"column":30}},"type":"binary-expr","locations":[{"start":{"line":14,"column":6},"end":{"line":14,"column":16}},{"start":{"line":14,"column":20},"end":{"line":14,"column":30}}]},"2":{"loc":{"start":{"line":15,"column":6},"end":{"line":15,"column":32}},"type":"binary-expr","locations":[{"start":{"line":15,"column":6},"end":{"line":15,"column":16}},{"start":{"line":15,"column":20},"end":{"line":15,"column":32}}]}},"s":{"0":1,"1":1,"2":2,"3":1,"4":1},"f":{"0":2},"b":{"0":[2,0],"1":[2,0],"2":[2,0]},"_coverageSchema":"332fd63041d2c1bcb487cc26dd0d5f7d97098a6c","hash":"4ffa045cbda1b3d39086f704ec4064314e174ada"}
,"/Users/montewithpillow/developer/open_source/react-native-elements/src/form/FormValidationMessage.js": {"path":"/Users/montewithpillow/developer/open_source/react-native-elements/src/form/FormValidationMessage.js","statementMap":{"0":{"start":{"line":7,"column":13},"end":{"line":7,"column":15}},"1":{"start":{"line":9,"column":30},"end":{"line":17,"column":1}},"2":{"start":{"line":10,"column":2},"end":{"line":16,"column":9}},"3":{"start":{"line":19,"column":0},"end":{"line":24,"column":2}},"4":{"start":{"line":26,"column":0},"end":{"line":36,"column":3}}},"fnMap":{"0":{"name":"(anonymous_0)","decl":{"start":{"line":9,"column":30},"end":{"line":9,"column":31}},"loc":{"start":{"line":10,"column":2},"end":{"line":16,"column":9}}}},"branchMap":{"0":{"loc":{"start":{"line":10,"column":34},"end":{"line":10,"column":66}},"type":"binary-expr","locations":[{"start":{"line":10,"column":34},"end":{"line":10,"column":48}},{"start":{"line":10,"column":52},"end":{"line":10,"column":66}}]},"1":{"loc":{"start":{"line":13,"column":6},"end":{"line":13,"column":30}},"type":"binary-expr","locations":[{"start":{"line":13,"column":6},"end":{"line":13,"column":16}},{"start":{"line":13,"column":20},"end":{"line":13,"column":30}}]},"2":{"loc":{"start":{"line":14,"column":6},"end":{"line":14,"column":32}},"type":"binary-expr","locations":[{"start":{"line":14,"column":6},"end":{"line":14,"column":16}},{"start":{"line":14,"column":20},"end":{"line":14,"column":32}}]}},"s":{"0":1,"1":1,"2":2,"3":1,"4":1},"f":{"0":2},"b":{"0":[2,0],"1":[2,0],"2":[2,0]},"_coverageSchema":"332fd63041d2c1bcb487cc26dd0d5f7d97098a6c","hash":"66007aeb8b016fbd4ec7a1951a7eb1bceec6baad"}
,"/Users/montewithpillow/developer/open_source/react-native-elements/src/grid/Col.js": {"path":"/Users/montewithpillow/developer/open_source/react-native-elements/src/grid/Col.js","statementMap":{"0":{"start":{"line":4,"column":12},"end":{"line":44,"column":1}},"1":{"start":{"line":5,"column":57},"end":{"line":5,"column":62}},"2":{"start":{"line":7,"column":17},"end":{"line":12,"column":4}},"3":{"start":{"line":14,"column":2},"end":{"line":31,"column":3}},"4":{"start":{"line":15,"column":4},"end":{"line":30,"column":6}},"5":{"start":{"line":33,"column":2},"end":{"line":43,"column":4}},"6":{"start":{"line":46,"column":0},"end":{"line":52,"column":2}},"7":{"start":{"line":54,"column":0},"end":{"line":56,"column":2}}},"fnMap":{"0":{"name":"(anonymous_0)","decl":{"start":{"line":4,"column":12},"end":{"line":4,"column":13}},"loc":{"start":{"line":4,"column":23},"end":{"line":44,"column":1}}}},"branchMap":{"0":{"loc":{"start":{"line":9,"column":12},"end":{"line":9,"column":76}},"type":"cond-expr","locations":[{"start":{"line":9,"column":21},"end":{"line":9,"column":25}},{"start":{"line":9,"column":28},"end":{"line":9,"column":76}}]},"1":{"loc":{"start":{"line":9,"column":28},"end":{"line":9,"column":76}},"type":"cond-expr","locations":[{"start":{"line":9,"column":71},"end":{"line":9,"column":72}},{"start":{"line":9,"column":75},"end":{"line":9,"column":76}}]},"2":{"loc":{"start":{"line":9,"column":29},"end":{"line":9,"column":67}},"type":"binary-expr","locations":[{"start":{"line":9,"column":29},"end":{"line":9,"column":43}},{"start":{"line":9,"column":47},"end":{"line":9,"column":67}}]},"3":{"loc":{"start":{"line":14,"column":2},"end":{"line":31,"column":3}},"type":"if","locations":[{"start":{"line":14,"column":2},"end":{"line":31,"column":3}},{"start":{"line":14,"column":2},"end":{"line":31,"column":3}}]},"4":{"loc":{"start":{"line":19,"column":10},"end":{"line":19,"column":42}},"type":"binary-expr","locations":[{"start":{"line":19,"column":10},"end":{"line":19,"column":24}},{"start":{"line":19,"column":28},"end":{"line":19,"column":42}}]},"5":{"loc":{"start":{"line":37,"column":8},"end":{"line":37,"column":40}},"type":"binary-expr","locations":[{"start":{"line":37,"column":8},"end":{"line":37,"column":22}},{"start":{"line":37,"column":26},"end":{"line":37,"column":40}}]}},"s":{"0":1,"1":2,"2":2,"3":2,"4":0,"5":2,"6":1,"7":1},"f":{"0":2},"b":{"0":[0,2],"1":[0,2],"2":[2,0],"3":[0,2],"4":[0,0],"5":[2,0]},"_coverageSchema":"332fd63041d2c1bcb487cc26dd0d5f7d97098a6c","hash":"56d967dd986f91692f5ea311a6973b8b67e46a9a"}
,"/Users/montewithpillow/developer/open_source/react-native-elements/src/grid/Grid.js": {"path":"/Users/montewithpillow/developer/open_source/react-native-elements/src/grid/Grid.js","statementMap":{"0":{"start":{"line":14,"column":16},"end":{"line":14,"column":21}},"1":{"start":{"line":15,"column":4},"end":{"line":19,"column":7}},"2":{"start":{"line":16,"column":6},"end":{"line":18,"column":7}},"3":{"start":{"line":17,"column":8},"end":{"line":17,"column":21}},"4":{"start":{"line":21,"column":4},"end":{"line":21,"column":17}},"5":{"start":{"line":25,"column":53},"end":{"line":25,"column":63}},"6":{"start":{"line":27,"column":4},"end":{"line":41,"column":5}},"7":{"start":{"line":28,"column":6},"end":{"line":40,"column":8}},"8":{"start":{"line":43,"column":4},"end":{"line":53,"column":6}},"9":{"start":{"line":57,"column":0},"end":{"line":62,"column":2}},"10":{"start":{"line":64,"column":0},"end":{"line":66,"column":2}}},"fnMap":{"0":{"name":"(anonymous_0)","decl":{"start":{"line":13,"column":2},"end":{"line":13,"column":3}},"loc":{"start":{"line":13,"column":10},"end":{"line":22,"column":3}}},"1":{"name":"(anonymous_1)","decl":{"start":{"line":15,"column":48},"end":{"line":15,"column":49}},"loc":{"start":{"line":15,"column":59},"end":{"line":19,"column":5}}},"2":{"name":"(anonymous_2)","decl":{"start":{"line":24,"column":2},"end":{"line":24,"column":3}},"loc":{"start":{"line":24,"column":11},"end":{"line":54,"column":3}}}},"branchMap":{"0":{"loc":{"start":{"line":9,"column":21},"end":{"line":9,"column":52}},"type":"cond-expr","locations":[{"start":{"line":9,"column":36},"end":{"line":9,"column":44}},{"start":{"line":9,"column":47},"end":{"line":9,"column":52}}]},"1":{"loc":{"start":{"line":16,"column":6},"end":{"line":18,"column":7}},"type":"if","locations":[{"start":{"line":16,"column":6},"end":{"line":18,"column":7}},{"start":{"line":16,"column":6},"end":{"line":18,"column":7}}]},"2":{"loc":{"start":{"line":16,"column":10},"end":{"line":16,"column":37}},"type":"binary-expr","locations":[{"start":{"line":16,"column":10},"end":{"line":16,"column":15}},{"start":{"line":16,"column":19},"end":{"line":16,"column":37}}]},"3":{"loc":{"start":{"line":27,"column":4},"end":{"line":41,"column":5}},"type":"if","locations":[{"start":{"line":27,"column":4},"end":{"line":41,"column":5}},{"start":{"line":27,"column":4},"end":{"line":41,"column":5}}]},"4":{"loc":{"start":{"line":33,"column":14},"end":{"line":33,"column":46}},"type":"binary-expr","locations":[{"start":{"line":33,"column":14},"end":{"line":33,"column":28}},{"start":{"line":33,"column":32},"end":{"line":33,"column":46}}]},"5":{"loc":{"start":{"line":47,"column":10},"end":{"line":47,"column":42}},"type":"binary-expr","locations":[{"start":{"line":47,"column":10},"end":{"line":47,"column":24}},{"start":{"line":47,"column":28},"end":{"line":47,"column":42}}]}},"s":{"0":2,"1":2,"2":1,"3":0,"4":2,"5":2,"6":2,"7":0,"8":2,"9":1,"10":1},"f":{"0":2,"1":1,"2":2},"b":{"0":[0,2],"1":[0,1],"2":[1,1],"3":[0,2],"4":[0,0],"5":[2,0]},"_coverageSchema":"332fd63041d2c1bcb487cc26dd0d5f7d97098a6c","hash":"3cda60fe5bdb132639aded0cbc91a28c9f6fb410"}
,"/Users/montewithpillow/developer/open_source/react-native-elements/src/grid/Row.js": {"path":"/Users/montewithpillow/developer/open_source/react-native-elements/src/grid/Row.js","statementMap":{"0":{"start":{"line":4,"column":12},"end":{"line":44,"column":1}},"1":{"start":{"line":5,"column":57},"end":{"line":5,"column":62}},"2":{"start":{"line":7,"column":17},"end":{"line":12,"column":4}},"3":{"start":{"line":14,"column":2},"end":{"line":31,"column":3}},"4":{"start":{"line":15,"column":4},"end":{"line":30,"column":6}},"5":{"start":{"line":33,"column":2},"end":{"line":43,"column":4}},"6":{"start":{"line":46,"column":0},"end":{"line":52,"column":2}},"7":{"start":{"line":54,"column":0},"end":{"line":56,"column":2}}},"fnMap":{"0":{"name":"(anonymous_0)","decl":{"start":{"line":4,"column":12},"end":{"line":4,"column":13}},"loc":{"start":{"line":4,"column":23},"end":{"line":44,"column":1}}}},"branchMap":{"0":{"loc":{"start":{"line":9,"column":12},"end":{"line":9,"column":77}},"type":"cond-expr","locations":[{"start":{"line":9,"column":21},"end":{"line":9,"column":25}},{"start":{"line":9,"column":28},"end":{"line":9,"column":77}}]},"1":{"loc":{"start":{"line":9,"column":28},"end":{"line":9,"column":77}},"type":"cond-expr","locations":[{"start":{"line":9,"column":72},"end":{"line":9,"column":73}},{"start":{"line":9,"column":76},"end":{"line":9,"column":77}}]},"2":{"loc":{"start":{"line":9,"column":29},"end":{"line":9,"column":68}},"type":"binary-expr","locations":[{"start":{"line":9,"column":29},"end":{"line":9,"column":43}},{"start":{"line":9,"column":47},"end":{"line":9,"column":68}}]},"3":{"loc":{"start":{"line":14,"column":2},"end":{"line":31,"column":3}},"type":"if","locations":[{"start":{"line":14,"column":2},"end":{"line":31,"column":3}},{"start":{"line":14,"column":2},"end":{"line":31,"column":3}}]},"4":{"loc":{"start":{"line":19,"column":10},"end":{"line":19,"column":42}},"type":"binary-expr","locations":[{"start":{"line":19,"column":10},"end":{"line":19,"column":24}},{"start":{"line":19,"column":28},"end":{"line":19,"column":42}}]},"5":{"loc":{"start":{"line":37,"column":8},"end":{"line":37,"column":40}},"type":"binary-expr","locations":[{"start":{"line":37,"column":8},"end":{"line":37,"column":22}},{"start":{"line":37,"column":26},"end":{"line":37,"column":40}}]}},"s":{"0":2,"1":2,"2":2,"3":2,"4":0,"5":2,"6":2,"7":2},"f":{"0":2},"b":{"0":[0,2],"1":[0,2],"2":[2,0],"3":[0,2],"4":[0,0],"5":[2,0]},"_coverageSchema":"332fd63041d2c1bcb487cc26dd0d5f7d97098a6c","hash":"51bc68befc00e9d35da4ad303b8e4e873cf78c05"}
,"/Users/montewithpillow/developer/open_source/react-native-elements/src/helpers/getIconType.js": {"path":"/Users/montewithpillow/developer/open_source/react-native-elements/src/helpers/getIconType.js","statementMap":{"0":{"start":{"line":13,"column":2},"end":{"line":36,"column":3}},"1":{"start":{"line":15,"column":6},"end":{"line":15,"column":24}},"2":{"start":{"line":17,"column":6},"end":{"line":17,"column":25}},"3":{"start":{"line":19,"column":6},"end":{"line":19,"column":26}},"4":{"start":{"line":21,"column":6},"end":{"line":21,"column":35}},"5":{"start":{"line":23,"column":6},"end":{"line":23,"column":21}},"6":{"start":{"line":25,"column":6},"end":{"line":25,"column":28}},"7":{"start":{"line":27,"column":6},"end":{"line":27,"column":22}},"8":{"start":{"line":29,"column":6},"end":{"line":29,"column":24}},"9":{"start":{"line":31,"column":6},"end":{"line":31,"column":20}},"10":{"start":{"line":33,"column":6},"end":{"line":33,"column":28}},"11":{"start":{"line":35,"column":6},"end":{"line":35,"column":26}}},"fnMap":{"0":{"name":"(anonymous_0)","decl":{"start":{"line":12,"column":15},"end":{"line":12,"column":16}},"loc":{"start":{"line":12,"column":25},"end":{"line":37,"column":1}}}},"branchMap":{"0":{"loc":{"start":{"line":13,"column":2},"end":{"line":36,"column":3}},"type":"switch","locations":[{"start":{"line":14,"column":4},"end":{"line":15,"column":24}},{"start":{"line":16,"column":4},"end":{"line":17,"column":25}},{"start":{"line":18,"column":4},"end":{"line":19,"column":26}},{"start":{"line":20,"column":4},"end":{"line":21,"column":35}},{"start":{"line":22,"column":4},"end":{"line":23,"column":21}},{"start":{"line":24,"column":4},"end":{"line":25,"column":28}},{"start":{"line":26,"column":4},"end":{"line":27,"column":22}},{"start":{"line":28,"column":4},"end":{"line":29,"column":24}},{"start":{"line":30,"column":4},"end":{"line":31,"column":20}},{"start":{"line":32,"column":4},"end":{"line":33,"column":28}},{"start":{"line":34,"column":4},"end":{"line":35,"column":26}}]}},"s":{"0":1,"1":0,"2":0,"3":1,"4":0,"5":0,"6":0,"7":0,"8":0,"9":0,"10":0,"11":0},"f":{"0":1},"b":{"0":[0,0,1,0,0,0,0,0,0,0,0]},"_coverageSchema":"332fd63041d2c1bcb487cc26dd0d5f7d97098a6c","hash":"061c84cbe27bd37ef3ee583f7a1889994900c192"}
,"/Users/montewithpillow/developer/open_source/react-native-elements/src/helpers/normalizeText.js": {"path":"/Users/montewithpillow/developer/open_source/react-native-elements/src/helpers/normalizeText.js","statementMap":{"0":{"start":{"line":12,"column":14},"end":{"line":12,"column":37}},"1":{"start":{"line":16,"column":4},"end":{"line":16,"column":9}},"2":{"start":{"line":18,"column":19},"end":{"line":18,"column":35}},"3":{"start":{"line":19,"column":21},"end":{"line":19,"column":52}},"4":{"start":{"line":20,"column":20},"end":{"line":20,"column":50}},"5":{"start":{"line":31,"column":18},"end":{"line":86,"column":1}},"6":{"start":{"line":32,"column":2},"end":{"line":46,"column":3}},"7":{"start":{"line":34,"column":4},"end":{"line":36,"column":5}},"8":{"start":{"line":35,"column":6},"end":{"line":35,"column":25}},"9":{"start":{"line":38,"column":4},"end":{"line":43,"column":5}},"10":{"start":{"line":39,"column":6},"end":{"line":39,"column":18}},"11":{"start":{"line":41,"column":11},"end":{"line":43,"column":5}},"12":{"start":{"line":42,"column":6},"end":{"line":42,"column":25}},"13":{"start":{"line":45,"column":4},"end":{"line":45,"column":23}},"14":{"start":{"line":47,"column":2},"end":{"line":65,"column":3}},"15":{"start":{"line":50,"column":4},"end":{"line":52,"column":5}},"16":{"start":{"line":51,"column":8},"end":{"line":51,"column":20}},"17":{"start":{"line":54,"column":4},"end":{"line":58,"column":5}},"18":{"start":{"line":55,"column":6},"end":{"line":55,"column":25}},"19":{"start":{"line":59,"column":4},"end":{"line":61,"column":5}},"20":{"start":{"line":60,"column":6},"end":{"line":60,"column":24}},"21":{"start":{"line":64,"column":4},"end":{"line":64,"column":23}},"22":{"start":{"line":66,"column":2},"end":{"line":83,"column":3}},"23":{"start":{"line":69,"column":4},"end":{"line":72,"column":5}},"24":{"start":{"line":70,"column":8},"end":{"line":70,"column":20}},"25":{"start":{"line":73,"column":4},"end":{"line":77,"column":5}},"26":{"start":{"line":74,"column":6},"end":{"line":74,"column":25}},"27":{"start":{"line":78,"column":4},"end":{"line":80,"column":5}},"28":{"start":{"line":79,"column":6},"end":{"line":79,"column":25}},"29":{"start":{"line":82,"column":4},"end":{"line":82,"column":23}},"30":{"start":{"line":85,"column":2},"end":{"line":85,"column":14}},"31":{"start":{"line":88,"column":0},"end":{"line":88,"column":27}}},"fnMap":{"0":{"name":"(anonymous_0)","decl":{"start":{"line":31,"column":18},"end":{"line":31,"column":19}},"loc":{"start":{"line":31,"column":28},"end":{"line":86,"column":1}}}},"branchMap":{"0":{"loc":{"start":{"line":32,"column":2},"end":{"line":46,"column":3}},"type":"if","locations":[{"start":{"line":32,"column":2},"end":{"line":46,"column":3}},{"start":{"line":32,"column":2},"end":{"line":46,"column":3}}]},"1":{"loc":{"start":{"line":34,"column":4},"end":{"line":36,"column":5}},"type":"if","locations":[{"start":{"line":34,"column":4},"end":{"line":36,"column":5}},{"start":{"line":34,"column":4},"end":{"line":36,"column":5}}]},"2":{"loc":{"start":{"line":38,"column":4},"end":{"line":43,"column":5}},"type":"if","locations":[{"start":{"line":38,"column":4},"end":{"line":43,"column":5}},{"start":{"line":38,"column":4},"end":{"line":43,"column":5}}]},"3":{"loc":{"start":{"line":41,"column":11},"end":{"line":43,"column":5}},"type":"if","locations":[{"start":{"line":41,"column":11},"end":{"line":43,"column":5}},{"start":{"line":41,"column":11},"end":{"line":43,"column":5}}]},"4":{"loc":{"start":{"line":41,"column":15},"end":{"line":41,"column":57}},"type":"binary-expr","locations":[{"start":{"line":41,"column":15},"end":{"line":41,"column":34}},{"start":{"line":41,"column":38},"end":{"line":41,"column":57}}]},"5":{"loc":{"start":{"line":47,"column":2},"end":{"line":65,"column":3}},"type":"if","locations":[{"start":{"line":47,"column":2},"end":{"line":65,"column":3}},{"start":{"line":47,"column":2},"end":{"line":65,"column":3}}]},"6":{"loc":{"start":{"line":50,"column":4},"end":{"line":52,"column":5}},"type":"if","locations":[{"start":{"line":50,"column":4},"end":{"line":52,"column":5}},{"start":{"line":50,"column":4},"end":{"line":52,"column":5}}]},"7":{"loc":{"start":{"line":54,"column":4},"end":{"line":58,"column":5}},"type":"if","locations":[{"start":{"line":54,"column":4},"end":{"line":58,"column":5}},{"start":{"line":54,"column":4},"end":{"line":58,"column":5}}]},"8":{"loc":{"start":{"line":59,"column":4},"end":{"line":61,"column":5}},"type":"if","locations":[{"start":{"line":59,"column":4},"end":{"line":61,"column":5}},{"start":{"line":59,"column":4},"end":{"line":61,"column":5}}]},"9":{"loc":{"start":{"line":59,"column":8},"end":{"line":59,"column":50}},"type":"binary-expr","locations":[{"start":{"line":59,"column":8},"end":{"line":59,"column":27}},{"start":{"line":59,"column":31},"end":{"line":59,"column":50}}]},"10":{"loc":{"start":{"line":66,"column":2},"end":{"line":83,"column":3}},"type":"if","locations":[{"start":{"line":66,"column":2},"end":{"line":83,"column":3}},{"start":{"line":66,"column":2},"end":{"line":83,"column":3}}]},"11":{"loc":{"start":{"line":69,"column":4},"end":{"line":72,"column":5}},"type":"if","locations":[{"start":{"line":69,"column":4},"end":{"line":72,"column":5}},{"start":{"line":69,"column":4},"end":{"line":72,"column":5}}]},"12":{"loc":{"start":{"line":73,"column":4},"end":{"line":77,"column":5}},"type":"if","locations":[{"start":{"line":73,"column":4},"end":{"line":77,"column":5}},{"start":{"line":73,"column":4},"end":{"line":77,"column":5}}]},"13":{"loc":{"start":{"line":78,"column":4},"end":{"line":80,"column":5}},"type":"if","locations":[{"start":{"line":78,"column":4},"end":{"line":80,"column":5}},{"start":{"line":78,"column":4},"end":{"line":80,"column":5}}]},"14":{"loc":{"start":{"line":78,"column":7},"end":{"line":78,"column":49}},"type":"binary-expr","locations":[{"start":{"line":78,"column":7},"end":{"line":78,"column":26}},{"start":{"line":78,"column":30},"end":{"line":78,"column":49}}]}},"s":{"0":15,"1":15,"2":15,"3":15,"4":15,"5":15,"6":21,"7":21,"8":0,"9":21,"10":0,"11":21,"12":0,"13":21,"14":0,"15":0,"16":0,"17":0,"18":0,"19":0,"20":0,"21":0,"22":0,"23":0,"24":0,"25":0,"26":0,"27":0,"28":0,"29":0,"30":0,"31":15},"f":{"0":21},"b":{"0":[21,0],"1":[0,21],"2":[0,21],"3":[0,21],"4":[21,21],"5":[0,0],"6":[0,0],"7":[0,0],"8":[0,0],"9":[0,0],"10":[0,0],"11":[0,0],"12":[0,0],"13":[0,0],"14":[0,0]},"_coverageSchema":"332fd63041d2c1bcb487cc26dd0d5f7d97098a6c","hash":"aa2064ca85ac0564750991ff80b68380bcbe96a1"}
,"/Users/montewithpillow/developer/open_source/react-native-elements/src/icons/Icon.js": {"path":"/Users/montewithpillow/developer/open_source/react-native-elements/src/icons/Icon.js","statementMap":{"0":{"start":{"line":5,"column":13},"end":{"line":5,"column":15}},"1":{"start":{"line":7,"column":13},"end":{"line":66,"column":1}},"2":{"start":{"line":22,"column":18},"end":{"line":22,"column":22}},"3":{"start":{"line":23,"column":2},"end":{"line":25,"column":3}},"4":{"start":{"line":24,"column":4},"end":{"line":24,"column":35}},"5":{"start":{"line":26,"column":2},"end":{"line":28,"column":3}},"6":{"start":{"line":27,"column":4},"end":{"line":27,"column":26}},"7":{"start":{"line":30,"column":2},"end":{"line":34,"column":3}},"8":{"start":{"line":31,"column":4},"end":{"line":31,"column":35}},"9":{"start":{"line":33,"column":4},"end":{"line":33,"column":29}},"10":{"start":{"line":35,"column":2},"end":{"line":65,"column":4}},"11":{"start":{"line":68,"column":0},"end":{"line":82,"column":2}},"12":{"start":{"line":84,"column":0},"end":{"line":91,"column":2}},"13":{"start":{"line":93,"column":0},"end":{"line":110,"column":3}}},"fnMap":{"0":{"name":"(anonymous_0)","decl":{"start":{"line":7,"column":13},"end":{"line":7,"column":14}},"loc":{"start":{"line":21,"column":8},"end":{"line":66,"column":1}}}},"branchMap":{"0":{"loc":{"start":{"line":23,"column":2},"end":{"line":25,"column":3}},"type":"if","locations":[{"start":{"line":23,"column":2},"end":{"line":25,"column":3}},{"start":{"line":23,"column":2},"end":{"line":25,"column":3}}]},"1":{"loc":{"start":{"line":26,"column":2},"end":{"line":28,"column":3}},"type":"if","locations":[{"start":{"line":26,"column":2},"end":{"line":28,"column":3}},{"start":{"line":26,"column":2},"end":{"line":28,"column":3}}]},"2":{"loc":{"start":{"line":30,"column":2},"end":{"line":34,"column":3}},"type":"if","locations":[{"start":{"line":30,"column":2},"end":{"line":34,"column":3}},{"start":{"line":30,"column":2},"end":{"line":34,"column":3}}]},"3":{"loc":{"start":{"line":38,"column":8},"end":{"line":38,"column":48}},"type":"cond-expr","locations":[{"start":{"line":38,"column":18},"end":{"line":38,"column":23}},{"start":{"line":38,"column":26},"end":{"line":38,"column":48}}]},"4":{"loc":{"start":{"line":38,"column":26},"end":{"line":38,"column":48}},"type":"binary-expr","locations":[{"start":{"line":38,"column":26},"end":{"line":38,"column":39}},{"start":{"line":38,"column":43},"end":{"line":38,"column":48}}]},"5":{"loc":{"start":{"line":41,"column":8},"end":{"line":41,"column":44}},"type":"binary-expr","locations":[{"start":{"line":41,"column":9},"end":{"line":41,"column":16}},{"start":{"line":41,"column":20},"end":{"line":41,"column":26}},{"start":{"line":41,"column":31},"end":{"line":41,"column":44}}]},"6":{"loc":{"start":{"line":42,"column":8},"end":{"line":46,"column":9}},"type":"binary-expr","locations":[{"start":{"line":42,"column":9},"end":{"line":42,"column":16}},{"start":{"line":42,"column":20},"end":{"line":42,"column":26}},{"start":{"line":42,"column":31},"end":{"line":46,"column":9}}]},"7":{"loc":{"start":{"line":47,"column":8},"end":{"line":47,"column":31}},"type":"binary-expr","locations":[{"start":{"line":47,"column":8},"end":{"line":47,"column":14}},{"start":{"line":47,"column":18},"end":{"line":47,"column":31}}]},"8":{"loc":{"start":{"line":49,"column":27},"end":{"line":49,"column":77}},"type":"cond-expr","locations":[{"start":{"line":49,"column":37},"end":{"line":49,"column":42}},{"start":{"line":49,"column":45},"end":{"line":49,"column":77}}]},"9":{"loc":{"start":{"line":49,"column":45},"end":{"line":49,"column":77}},"type":"cond-expr","locations":[{"start":{"line":49,"column":54},"end":{"line":49,"column":61}},{"start":{"line":49,"column":64},"end":{"line":49,"column":77}}]},"10":{"loc":{"start":{"line":52,"column":8},"end":{"line":52,"column":40}},"type":"binary-expr","locations":[{"start":{"line":52,"column":8},"end":{"line":52,"column":22}},{"start":{"line":52,"column":26},"end":{"line":52,"column":40}}]},"11":{"loc":{"start":{"line":59,"column":10},"end":{"line":59,"column":32}},"type":"binary-expr","locations":[{"start":{"line":59,"column":10},"end":{"line":59,"column":19}},{"start":{"line":59,"column":23},"end":{"line":59,"column":32}}]},"12":{"loc":{"start":{"line":63,"column":15},"end":{"line":63,"column":45}},"type":"cond-expr","locations":[{"start":{"line":63,"column":25},"end":{"line":63,"column":37}},{"start":{"line":63,"column":40},"end":{"line":63,"column":45}}]}},"s":{"0":5,"1":5,"2":1,"3":1,"4":0,"5":1,"6":0,"7":1,"8":1,"9":0,"10":1,"11":5,"12":5,"13":5},"f":{"0":1},"b":{"0":[0,1],"1":[0,1],"2":[1,0],"3":[0,1],"4":[1,0],"5":[1,1,0],"6":[1,1,0],"7":[1,0],"8":[0,1],"9":[0,1],"10":[1,0],"11":[1,0],"12":[0,1]},"_coverageSchema":"332fd63041d2c1bcb487cc26dd0d5f7d97098a6c","hash":"ca5a30d43ea6ce7c38ea41fda56e77fb6b3bba9a"}
,"/Users/montewithpillow/developer/open_source/react-native-elements/src/input/Search.js": {"path":"/Users/montewithpillow/developer/open_source/react-native-elements/src/input/Search.js","statementMap":{"0":{"start":{"line":9,"column":16},"end":{"line":9,"column":39}},"1":{"start":{"line":10,"column":4},"end":{"line":10,"column":27}},"2":{"start":{"line":14,"column":16},"end":{"line":14,"column":39}},"3":{"start":{"line":15,"column":4},"end":{"line":15,"column":27}},"4":{"start":{"line":71,"column":6},"end":{"line":71,"column":16}},"5":{"start":{"line":72,"column":4},"end":{"line":167,"column":6}},"6":{"start":{"line":171,"column":0},"end":{"line":222,"column":2}},"7":{"start":{"line":224,"column":0},"end":{"line":232,"column":2}},"8":{"start":{"line":234,"column":15},"end":{"line":302,"column":2}}},"fnMap":{"0":{"name":"(anonymous_0)","decl":{"start":{"line":8,"column":2},"end":{"line":8,"column":3}},"loc":{"start":{"line":8,"column":10},"end":{"line":11,"column":3}}},"1":{"name":"(anonymous_1)","decl":{"start":{"line":13,"column":2},"end":{"line":13,"column":3}},"loc":{"start":{"line":13,"column":14},"end":{"line":16,"column":3}}},"2":{"name":"(anonymous_2)","decl":{"start":{"line":18,"column":2},"end":{"line":18,"column":3}},"loc":{"start":{"line":18,"column":12},"end":{"line":168,"column":3}}}},"branchMap":{"0":{"loc":{"start":{"line":77,"column":10},"end":{"line":77,"column":45}},"type":"binary-expr","locations":[{"start":{"line":77,"column":10},"end":{"line":77,"column":20}},{"start":{"line":77,"column":24},"end":{"line":77,"column":45}}]},"1":{"loc":{"start":{"line":78,"column":10},"end":{"line":78,"column":42}},"type":"binary-expr","locations":[{"start":{"line":78,"column":10},"end":{"line":78,"column":24}},{"start":{"line":78,"column":28},"end":{"line":78,"column":42}}]},"2":{"loc":{"start":{"line":118,"column":26},"end":{"line":118,"column":56}},"type":"binary-expr","locations":[{"start":{"line":118,"column":26},"end":{"line":118,"column":40}},{"start":{"line":118,"column":44},"end":{"line":118,"column":56}}]},"3":{"loc":{"start":{"line":120,"column":33},"end":{"line":120,"column":94}},"type":"cond-expr","locations":[{"start":{"line":120,"column":57},"end":{"line":120,"column":78}},{"start":{"line":120,"column":81},"end":{"line":120,"column":94}}]},"4":{"loc":{"start":{"line":123,"column":12},"end":{"line":123,"column":43}},"type":"binary-expr","locations":[{"start":{"line":123,"column":12},"end":{"line":123,"column":22}},{"start":{"line":123,"column":26},"end":{"line":123,"column":43}}]},"5":{"loc":{"start":{"line":124,"column":12},"end":{"line":124,"column":38}},"type":"binary-expr","locations":[{"start":{"line":124,"column":12},"end":{"line":124,"column":18}},{"start":{"line":124,"column":22},"end":{"line":124,"column":38}}]},"6":{"loc":{"start":{"line":125,"column":12},"end":{"line":125,"column":68}},"type":"binary-expr","locations":[{"start":{"line":125,"column":12},"end":{"line":125,"column":17}},{"start":{"line":125,"column":21},"end":{"line":125,"column":68}}]},"7":{"loc":{"start":{"line":125,"column":36},"end":{"line":125,"column":67}},"type":"cond-expr","locations":[{"start":{"line":125,"column":60},"end":{"line":125,"column":62}},{"start":{"line":125,"column":65},"end":{"line":125,"column":67}}]},"8":{"loc":{"start":{"line":126,"column":12},"end":{"line":126,"column":36}},"type":"binary-expr","locations":[{"start":{"line":126,"column":12},"end":{"line":126,"column":22}},{"start":{"line":126,"column":26},"end":{"line":126,"column":36}}]},"9":{"loc":{"start":{"line":129,"column":10},"end":{"line":139,"column":11}},"type":"binary-expr","locations":[{"start":{"line":129,"column":10},"end":{"line":129,"column":17}},{"start":{"line":130,"column":12},"end":{"line":138,"column":14}}]},"10":{"loc":{"start":{"line":134,"column":16},"end":{"line":134,"column":40}},"type":"binary-expr","locations":[{"start":{"line":134,"column":16},"end":{"line":134,"column":26}},{"start":{"line":134,"column":30},"end":{"line":134,"column":40}}]},"11":{"loc":{"start":{"line":136,"column":20},"end":{"line":136,"column":41}},"type":"binary-expr","locations":[{"start":{"line":136,"column":20},"end":{"line":136,"column":29}},{"start":{"line":136,"column":33},"end":{"line":136,"column":41}}]},"12":{"loc":{"start":{"line":137,"column":21},"end":{"line":137,"column":47}},"type":"binary-expr","locations":[{"start":{"line":137,"column":21},"end":{"line":137,"column":31}},{"start":{"line":137,"column":35},"end":{"line":137,"column":47}}]},"13":{"loc":{"start":{"line":142,"column":10},"end":{"line":153,"column":11}},"type":"binary-expr","locations":[{"start":{"line":142,"column":10},"end":{"line":142,"column":19}},{"start":{"line":143,"column":12},"end":{"line":152,"column":14}}]},"14":{"loc":{"start":{"line":147,"column":16},"end":{"line":147,"column":50}},"type":"binary-expr","locations":[{"start":{"line":147,"column":16},"end":{"line":147,"column":31}},{"start":{"line":147,"column":35},"end":{"line":147,"column":50}}]},"15":{"loc":{"start":{"line":149,"column":20},"end":{"line":149,"column":45}},"type":"binary-expr","locations":[{"start":{"line":149,"column":20},"end":{"line":149,"column":34}},{"start":{"line":149,"column":38},"end":{"line":149,"column":45}}]},"16":{"loc":{"start":{"line":151,"column":21},"end":{"line":151,"column":52}},"type":"binary-expr","locations":[{"start":{"line":151,"column":21},"end":{"line":151,"column":36}},{"start":{"line":151,"column":40},"end":{"line":151,"column":52}}]},"17":{"loc":{"start":{"line":156,"column":10},"end":{"line":164,"column":11}},"type":"binary-expr","locations":[{"start":{"line":156,"column":10},"end":{"line":156,"column":25}},{"start":{"line":157,"column":12},"end":{"line":163,"column":14}}]},"18":{"loc":{"start":{"line":160,"column":16},"end":{"line":160,"column":54}},"type":"binary-expr","locations":[{"start":{"line":160,"column":16},"end":{"line":160,"column":33}},{"start":{"line":160,"column":37},"end":{"line":160,"column":54}}]},"19":{"loc":{"start":{"line":162,"column":21},"end":{"line":162,"column":47}},"type":"binary-expr","locations":[{"start":{"line":162,"column":21},"end":{"line":162,"column":31}},{"start":{"line":162,"column":35},"end":{"line":162,"column":47}}]}},"s":{"0":0,"1":0,"2":0,"3":0,"4":1,"5":1,"6":1,"7":1,"8":1},"f":{"0":0,"1":0,"2":1},"b":{"0":[1,0],"1":[1,0],"2":[1,1],"3":[0,1],"4":[1,0],"5":[1,0],"6":[1,0],"7":[0,0],"8":[1,0],"9":[1,1],"10":[1,0],"11":[1,1],"12":[1,1],"13":[1,0],"14":[0,0],"15":[0,0],"16":[0,0],"17":[1,0],"18":[0,0],"19":[0,0]},"_coverageSchema":"332fd63041d2c1bcb487cc26dd0d5f7d97098a6c","hash":"ef349625c7bd164697792e748cf50c93de3fc1c2"}
,"/Users/montewithpillow/developer/open_source/react-native-elements/src/list/List.js": {"path":"/Users/montewithpillow/developer/open_source/react-native-elements/src/list/List.js","statementMap":{"0":{"start":{"line":6,"column":13},"end":{"line":10,"column":1}},"1":{"start":{"line":7,"column":2},"end":{"line":9,"column":9}},"2":{"start":{"line":12,"column":0},"end":{"line":15,"column":2}},"3":{"start":{"line":17,"column":0},"end":{"line":25,"column":3}}},"fnMap":{"0":{"name":"(anonymous_0)","decl":{"start":{"line":6,"column":13},"end":{"line":6,"column":14}},"loc":{"start":{"line":7,"column":2},"end":{"line":9,"column":9}}}},"branchMap":{"0":{"loc":{"start":{"line":7,"column":38},"end":{"line":7,"column":70}},"type":"binary-expr","locations":[{"start":{"line":7,"column":38},"end":{"line":7,"column":52}},{"start":{"line":7,"column":56},"end":{"line":7,"column":70}}]}},"s":{"0":1,"1":2,"2":1,"3":1},"f":{"0":2},"b":{"0":[2,0]},"_coverageSchema":"332fd63041d2c1bcb487cc26dd0d5f7d97098a6c","hash":"8200047d447f276f970683b4322160ef790cfd7b"}
,"/Users/montewithpillow/developer/open_source/react-native-elements/src/list/ListItem.js": {"path":"/Users/montewithpillow/developer/open_source/react-native-elements/src/list/ListItem.js","statementMap":{"0":{"start":{"line":12,"column":17},"end":{"line":200,"column":1}},"1":{"start":{"line":63,"column":18},"end":{"line":63,"column":68}},"2":{"start":{"line":64,"column":2},"end":{"line":66,"column":3}},"3":{"start":{"line":65,"column":4},"end":{"line":65,"column":26}},"4":{"start":{"line":67,"column":2},"end":{"line":69,"column":3}},"5":{"start":{"line":68,"column":4},"end":{"line":68,"column":27}},"6":{"start":{"line":70,"column":2},"end":{"line":199,"column":4}},"7":{"start":{"line":202,"column":0},"end":{"line":210,"column":2}},"8":{"start":{"line":212,"column":0},"end":{"line":264,"column":2}},"9":{"start":{"line":266,"column":0},"end":{"line":336,"column":3}}},"fnMap":{"0":{"name":"(anonymous_0)","decl":{"start":{"line":12,"column":17},"end":{"line":12,"column":18}},"loc":{"start":{"line":62,"column":6},"end":{"line":200,"column":1}}}},"branchMap":{"0":{"loc":{"start":{"line":63,"column":18},"end":{"line":63,"column":68}},"type":"cond-expr","locations":[{"start":{"line":63,"column":43},"end":{"line":63,"column":61}},{"start":{"line":63,"column":64},"end":{"line":63,"column":68}}]},"1":{"loc":{"start":{"line":63,"column":18},"end":{"line":63,"column":40}},"type":"binary-expr","locations":[{"start":{"line":63,"column":18},"end":{"line":63,"column":25}},{"start":{"line":63,"column":29},"end":{"line":63,"column":40}}]},"2":{"loc":{"start":{"line":64,"column":2},"end":{"line":66,"column":3}},"type":"if","locations":[{"start":{"line":64,"column":2},"end":{"line":66,"column":3}},{"start":{"line":64,"column":2},"end":{"line":66,"column":3}}]},"3":{"loc":{"start":{"line":67,"column":2},"end":{"line":69,"column":3}},"type":"if","locations":[{"start":{"line":67,"column":2},"end":{"line":69,"column":3}},{"start":{"line":67,"column":2},"end":{"line":69,"column":3}}]},"4":{"loc":{"start":{"line":75,"column":32},"end":{"line":75,"column":64}},"type":"binary-expr","locations":[{"start":{"line":75,"column":32},"end":{"line":75,"column":46}},{"start":{"line":75,"column":50},"end":{"line":75,"column":64}}]},"5":{"loc":{"start":{"line":76,"column":36},"end":{"line":76,"column":64}},"type":"binary-expr","locations":[{"start":{"line":76,"column":36},"end":{"line":76,"column":48}},{"start":{"line":76,"column":52},"end":{"line":76,"column":64}}]},"6":{"loc":{"start":{"line":78,"column":10},"end":{"line":88,"column":11}},"type":"binary-expr","locations":[{"start":{"line":78,"column":10},"end":{"line":78,"column":18}},{"start":{"line":78,"column":22},"end":{"line":78,"column":35}},{"start":{"line":79,"column":12},"end":{"line":87,"column":19}}]},"7":{"loc":{"start":{"line":79,"column":44},"end":{"line":79,"column":92}},"type":"binary-expr","locations":[{"start":{"line":79,"column":44},"end":{"line":79,"column":66}},{"start":{"line":79,"column":70},"end":{"line":79,"column":92}}]},"8":{"loc":{"start":{"line":82,"column":41},"end":{"line":82,"column":73}},"type":"binary-expr","locations":[{"start":{"line":82,"column":41},"end":{"line":82,"column":55}},{"start":{"line":82,"column":59},"end":{"line":82,"column":73}}]},"9":{"loc":{"start":{"line":84,"column":23},"end":{"line":84,"column":53}},"type":"binary-expr","locations":[{"start":{"line":84,"column":23},"end":{"line":84,"column":37}},{"start":{"line":84,"column":41},"end":{"line":84,"column":53}}]},"10":{"loc":{"start":{"line":85,"column":22},"end":{"line":85,"column":41}},"type":"binary-expr","locations":[{"start":{"line":85,"column":22},"end":{"line":85,"column":35}},{"start":{"line":85,"column":39},"end":{"line":85,"column":41}}]},"11":{"loc":{"start":{"line":91,"column":10},"end":{"line":99,"column":11}},"type":"binary-expr","locations":[{"start":{"line":91,"column":10},"end":{"line":91,"column":16}},{"start":{"line":92,"column":12},"end":{"line":98,"column":16}}]},"12":{"loc":{"start":{"line":95,"column":16},"end":{"line":95,"column":49}},"type":"binary-expr","locations":[{"start":{"line":95,"column":16},"end":{"line":95,"column":27}},{"start":{"line":95,"column":31},"end":{"line":95,"column":49}}]},"13":{"loc":{"start":{"line":96,"column":16},"end":{"line":96,"column":42}},"type":"binary-expr","locations":[{"start":{"line":96,"column":16},"end":{"line":96,"column":27}},{"start":{"line":96,"column":31},"end":{"line":96,"column":42}}]},"14":{"loc":{"start":{"line":103,"column":13},"end":{"line":115,"column":13}},"type":"cond-expr","locations":[{"start":{"line":104,"column":14},"end":{"line":110,"column":33}},{"start":{"line":112,"column":14},"end":{"line":114,"column":21}}]},"15":{"loc":{"start":{"line":103,"column":14},"end":{"line":103,"column":79}},"type":"binary-expr","locations":[{"start":{"line":103,"column":14},"end":{"line":103,"column":19}},{"start":{"line":103,"column":24},"end":{"line":103,"column":49}},{"start":{"line":103,"column":53},"end":{"line":103,"column":78}}]},"16":{"loc":{"start":{"line":107,"column":18},"end":{"line":107,"column":47}},"type":"binary-expr","locations":[{"start":{"line":107,"column":18},"end":{"line":107,"column":27}},{"start":{"line":107,"column":31},"end":{"line":107,"column":47}}]},"17":{"loc":{"start":{"line":108,"column":18},"end":{"line":108,"column":42}},"type":"binary-expr","locations":[{"start":{"line":108,"column":18},"end":{"line":108,"column":28}},{"start":{"line":108,"column":32},"end":{"line":108,"column":42}}]},"18":{"loc":{"start":{"line":109,"column":18},"end":{"line":109,"column":44}},"type":"binary-expr","locations":[{"start":{"line":109,"column":18},"end":{"line":109,"column":28}},{"start":{"line":109,"column":32},"end":{"line":109,"column":44}}]},"19":{"loc":{"start":{"line":118,"column":13},"end":{"line":130,"column":13}},"type":"cond-expr","locations":[{"start":{"line":119,"column":14},"end":{"line":125,"column":36}},{"start":{"line":127,"column":14},"end":{"line":129,"column":21}}]},"20":{"loc":{"start":{"line":118,"column":14},"end":{"line":118,"column":88}},"type":"binary-expr","locations":[{"start":{"line":118,"column":14},"end":{"line":118,"column":22}},{"start":{"line":118,"column":27},"end":{"line":118,"column":55}},{"start":{"line":118,"column":59},"end":{"line":118,"column":87}}]},"21":{"loc":{"start":{"line":122,"column":18},"end":{"line":122,"column":47}},"type":"binary-expr","locations":[{"start":{"line":122,"column":18},"end":{"line":122,"column":27}},{"start":{"line":122,"column":31},"end":{"line":122,"column":47}}]},"22":{"loc":{"start":{"line":123,"column":18},"end":{"line":123,"column":48}},"type":"binary-expr","locations":[{"start":{"line":123,"column":18},"end":{"line":123,"column":31}},{"start":{"line":123,"column":35},"end":{"line":123,"column":48}}]},"23":{"loc":{"start":{"line":124,"column":18},"end":{"line":124,"column":44}},"type":"binary-expr","locations":[{"start":{"line":124,"column":18},"end":{"line":124,"column":28}},{"start":{"line":124,"column":32},"end":{"line":124,"column":44}}]},"24":{"loc":{"start":{"line":134,"column":10},"end":{"line":138,"column":11}},"type":"binary-expr","locations":[{"start":{"line":134,"column":10},"end":{"line":134,"column":20}},{"start":{"line":134,"column":25},"end":{"line":134,"column":42}},{"start":{"line":134,"column":47},"end":{"line":134,"column":57}},{"start":{"line":135,"column":12},"end":{"line":137,"column":19}}]},"25":{"loc":{"start":{"line":141,"column":10},"end":{"line":160,"column":11}},"type":"binary-expr","locations":[{"start":{"line":141,"column":10},"end":{"line":141,"column":19}},{"start":{"line":142,"column":12},"end":{"line":159,"column":19}}]},"26":{"loc":{"start":{"line":163,"column":10},"end":{"line":173,"column":11}},"type":"binary-expr","locations":[{"start":{"line":163,"column":10},"end":{"line":163,"column":22}},{"start":{"line":164,"column":12},"end":{"line":172,"column":19}}]},"27":{"loc":{"start":{"line":169,"column":22},"end":{"line":169,"column":55}},"type":"binary-expr","locations":[{"start":{"line":169,"column":22},"end":{"line":169,"column":36}},{"start":{"line":169,"column":40},"end":{"line":169,"column":55}}]},"28":{"loc":{"start":{"line":170,"column":23},"end":{"line":170,"column":54}},"type":"binary-expr","locations":[{"start":{"line":170,"column":23},"end":{"line":170,"column":38}},{"start":{"line":170,"column":42},"end":{"line":170,"column":54}}]},"29":{"loc":{"start":{"line":176,"column":10},"end":{"line":186,"column":11}},"type":"binary-expr","locations":[{"start":{"line":176,"column":10},"end":{"line":176,"column":22}},{"start":{"line":176,"column":26},"end":{"line":176,"column":37}},{"start":{"line":177,"column":12},"end":{"line":185,"column":19}}]},"30":{"loc":{"start":{"line":189,"column":10},"end":{"line":192,"column":15}},"type":"binary-expr","locations":[{"start":{"line":189,"column":10},"end":{"line":189,"column":15}},{"start":{"line":189,"column":19},"end":{"line":189,"column":30}},{"start":{"line":190,"column":12},"end":{"line":192,"column":14}}]},"31":{"loc":{"start":{"line":195,"column":10},"end":{"line":195,"column":24}},"type":"binary-expr","locations":[{"start":{"line":195,"column":10},"end":{"line":195,"column":15}},{"start":{"line":195,"column":19},"end":{"line":195,"column":24}}]}},"s":{"0":2,"1":1,"2":1,"3":0,"4":1,"5":0,"6":1,"7":2,"8":2,"9":2},"f":{"0":1},"b":{"0":[0,1],"1":[1,1],"2":[0,1],"3":[0,1],"4":[1,0],"5":[1,0],"6":[1,0,0],"7":[0,0],"8":[0,0],"9":[0,0],"10":[0,0],"11":[1,0],"12":[0,0],"13":[0,0],"14":[0,1],"15":[1,0,0],"16":[0,0],"17":[0,0],"18":[0,0],"19":[0,1],"20":[1,0,0],"21":[0,0],"22":[0,0],"23":[0,0],"24":[1,0,0,0],"25":[1,0],"26":[1,1],"27":[1,0],"28":[1,1],"29":[1,0,0],"30":[1,0,0],"31":[1,0]},"_coverageSchema":"332fd63041d2c1bcb487cc26dd0d5f7d97098a6c","hash":"81c0720d7a02962f55d3505bdac81539035ce0aa"}
,"/Users/montewithpillow/developer/open_source/react-native-elements/src/pricing/PricingCard.js": {"path":"/Users/montewithpillow/developer/open_source/react-native-elements/src/pricing/PricingCard.js","statementMap":{"0":{"start":{"line":9,"column":13},"end":{"line":9,"column":15}},"1":{"start":{"line":11,"column":20},"end":{"line":57,"column":1}},"2":{"start":{"line":25,"column":2},"end":{"line":56,"column":9}},"3":{"start":{"line":38,"column":10},"end":{"line":41,"column":27}},"4":{"start":{"line":59,"column":0},"end":{"line":75,"column":2}},"5":{"start":{"line":77,"column":0},"end":{"line":79,"column":2}},"6":{"start":{"line":81,"column":0},"end":{"line":149,"column":3}}},"fnMap":{"0":{"name":"(anonymous_0)","decl":{"start":{"line":11,"column":20},"end":{"line":11,"column":21}},"loc":{"start":{"line":25,"column":2},"end":{"line":56,"column":9}}},"1":{"name":"(anonymous_1)","decl":{"start":{"line":37,"column":17},"end":{"line":37,"column":18}},"loc":{"start":{"line":37,"column":30},"end":{"line":42,"column":9}}}},"branchMap":{"0":{"loc":{"start":{"line":25,"column":34},"end":{"line":25,"column":66}},"type":"binary-expr","locations":[{"start":{"line":25,"column":34},"end":{"line":25,"column":48}},{"start":{"line":25,"column":52},"end":{"line":25,"column":66}}]},"1":{"loc":{"start":{"line":26,"column":34},"end":{"line":26,"column":62}},"type":"binary-expr","locations":[{"start":{"line":26,"column":34},"end":{"line":26,"column":46}},{"start":{"line":26,"column":50},"end":{"line":26,"column":62}}]},"2":{"loc":{"start":{"line":30,"column":8},"end":{"line":30,"column":44}},"type":"binary-expr","locations":[{"start":{"line":30,"column":8},"end":{"line":30,"column":17}},{"start":{"line":30,"column":21},"end":{"line":30,"column":44}}]},"3":{"loc":{"start":{"line":34,"column":8},"end":{"line":34,"column":48}},"type":"binary-expr","locations":[{"start":{"line":34,"column":8},"end":{"line":34,"column":19}},{"start":{"line":34,"column":23},"end":{"line":34,"column":48}}]},"4":{"loc":{"start":{"line":40,"column":12},"end":{"line":40,"column":46}},"type":"binary-expr","locations":[{"start":{"line":40,"column":12},"end":{"line":40,"column":20}},{"start":{"line":40,"column":24},"end":{"line":40,"column":46}}]},"5":{"loc":{"start":{"line":50,"column":10},"end":{"line":50,"column":48}},"type":"binary-expr","locations":[{"start":{"line":50,"column":10},"end":{"line":50,"column":20}},{"start":{"line":50,"column":24},"end":{"line":50,"column":48}}]}},"s":{"0":1,"1":1,"2":1,"3":3,"4":1,"5":1,"6":1},"f":{"0":1,"1":3},"b":{"0":[1,0],"1":[1,0],"2":[1,0],"3":[1,0],"4":[3,0],"5":[1,0]},"_coverageSchema":"332fd63041d2c1bcb487cc26dd0d5f7d97098a6c","hash":"c21088466f97e1cdf97d89a621ff1490ca610be6"}
,"/Users/montewithpillow/developer/open_source/react-native-elements/src/slider/Slider.js": {"path":"/Users/montewithpillow/developer/open_source/react-native-elements/src/slider/Slider.js","statementMap":{"0":{"start":{"line":7,"column":19},"end":{"line":7,"column":20}},"1":{"start":{"line":8,"column":19},"end":{"line":8,"column":21}},"2":{"start":{"line":10,"column":32},"end":{"line":20,"column":1}},"3":{"start":{"line":23,"column":2},"end":{"line":23,"column":13}},"4":{"start":{"line":24,"column":2},"end":{"line":24,"column":13}},"5":{"start":{"line":25,"column":2},"end":{"line":25,"column":21}},"6":{"start":{"line":26,"column":2},"end":{"line":26,"column":23}},"7":{"start":{"line":29,"column":0},"end":{"line":34,"column":2}},"8":{"start":{"line":30,"column":2},"end":{"line":33,"column":34}},"9":{"start":{"line":38,"column":4},"end":{"line":38,"column":17}},"10":{"start":{"line":39,"column":4},"end":{"line":45,"column":6}},"11":{"start":{"line":49,"column":4},"end":{"line":57,"column":7}},"12":{"start":{"line":61,"column":19},"end":{"line":61,"column":34}},"13":{"start":{"line":63,"column":4},"end":{"line":70,"column":5}},"14":{"start":{"line":64,"column":6},"end":{"line":69,"column":7}},"15":{"start":{"line":65,"column":8},"end":{"line":65,"column":47}},"16":{"start":{"line":68,"column":8},"end":{"line":68,"column":39}},"17":{"start":{"line":104,"column":4},"end":{"line":104,"column":37}},"18":{"start":{"line":108,"column":24},"end":{"line":108,"column":48}},"19":{"start":{"line":109,"column":26},"end":{"line":115,"column":5}},"20":{"start":{"line":117,"column":4},"end":{"line":117,"column":71}},"21":{"start":{"line":122,"column":4},"end":{"line":122,"column":17}},"22":{"start":{"line":126,"column":4},"end":{"line":126,"column":67}},"23":{"start":{"line":127,"column":4},"end":{"line":127,"column":43}},"24":{"start":{"line":131,"column":4},"end":{"line":133,"column":5}},"25":{"start":{"line":132,"column":6},"end":{"line":132,"column":13}},"26":{"start":{"line":135,"column":4},"end":{"line":135,"column":54}},"27":{"start":{"line":136,"column":4},"end":{"line":136,"column":42}},"28":{"start":{"line":141,"column":4},"end":{"line":141,"column":17}},"29":{"start":{"line":145,"column":4},"end":{"line":147,"column":5}},"30":{"start":{"line":146,"column":6},"end":{"line":146,"column":13}},"31":{"start":{"line":149,"column":4},"end":{"line":149,"column":54}},"32":{"start":{"line":150,"column":4},"end":{"line":150,"column":46}},"33":{"start":{"line":154,"column":22},"end":{"line":154,"column":
[...]
,"/Users/montewithpillow/developer/open_source/react-native-elements/src/social/SocialIcon.js": {"path":"/Users/montewithpillow/developer/open_source/react-native-elements/src/social/SocialIcon.js","statementMap":{"0":{"start":{"line":8,"column":12},"end":{"line":10,"column":1}},"1":{"start":{"line":9,"column":2},"end":{"line":9,"column":56}},"2":{"start":{"line":12,"column":15},"end":{"line":34,"column":1}},"3":{"start":{"line":36,"column":19},"end":{"line":113,"column":1}},"4":{"start":{"line":57,"column":20},"end":{"line":57,"column":85}},"5":{"start":{"line":59,"column":2},"end":{"line":68,"column":3}},"6":{"start":{"line":60,"column":4},"end":{"line":67,"column":6}},"7":{"start":{"line":69,"column":2},"end":{"line":112,"column":4}},"8":{"start":{"line":115,"column":0},"end":{"line":138,"column":2}},"9":{"start":{"line":140,"column":0},"end":{"line":145,"column":2}},"10":{"start":{"line":147,"column":0},"end":{"line":197,"column":3}}},"fnMap":{"0":{"name":"(anonymous_0)","decl":{"start":{"line":8,"column":12},"end":{"line":8,"column":13}},"loc":{"start":{"line":8,"column":18},"end":{"line":10,"column":1}}},"1":{"name":"(anonymous_1)","decl":{"start":{"line":36,"column":19},"end":{"line":36,"column":20}},"loc":{"start":{"line":56,"column":6},"end":{"line":113,"column":1}}}},"branchMap":{"0":{"loc":{"start":{"line":57,"column":20},"end":{"line":57,"column":85}},"type":"cond-expr","locations":[{"start":{"line":57,"column":47},"end":{"line":57,"column":78}},{"start":{"line":57,"column":81},"end":{"line":57,"column":85}}]},"1":{"loc":{"start":{"line":57,"column":21},"end":{"line":57,"column":43}},"type":"binary-expr","locations":[{"start":{"line":57,"column":21},"end":{"line":57,"column":28}},{"start":{"line":57,"column":32},"end":{"line":57,"column":43}}]},"2":{"loc":{"start":{"line":57,"column":47},"end":{"line":57,"column":78}},"type":"binary-expr","locations":[{"start":{"line":57,"column":47},"end":{"line":57,"column":56}},{"start":{"line":57,"column":60},"end":{"line":57,"column":78}}]},"3":{"loc":{"start":{"line":59,"column":2},"end":{"line":68,"column":3}},"type":"if","locations":[{"start":{"line":59,"column":2},"end":{"line":68,"column":3}},{"start":{"line":59,"column":2},"end":{"line":68,"column":3}}]},"4":{"loc":{"start":{"line":64,"column":15},"end":{"line":64,"column":35}},"type":"binary-expr","locations":[{"start":{"line":64,"column":15},"end":{"line":64,"column":24}},{"start":{"line":64,"column":28},"end":{"line":64,"column":35}}]},"5":{"loc":{"start":{"line":65,"column":14},"end":{"line":65,"column":41}},"type":"binary-expr","locations":[{"start":{"line":65,"column":14},"end":{"line":65,"column":19}},{"start":{"line":65,"column":23},"end":{"line":65,"column":30}},{"start":{"line":65,"column":34},"end":{"line":65,"column":41}}]},"6":{"loc":{"start":{"line":71,"column":21},"end":{"line":71,"column":51}},"type":"cond-expr","locations":[{"start":{"line":71,"column":29},"end":{"line":71,"column":36}},{"start":{"line":71,"column":39},"end":{"line":71,"column":51}}]},"7":{"loc":{"start":{"line":72,"column":19},"end":{"line":72,"column":52}},"type":"binary-expr","locations":[{"start":{"line":72,"column":19},"end":{"line":72,"column":28}},{"start":{"line":72,"column":33},"end":{"line":72,"column":44}},{"start":{"line":72,"column":48},"end":{"line":72,"column":51}}]},"8":{"loc":{"start":{"line":73,"column":15},"end":{"line":73,"column":53}},"type":"binary-expr","locations":[{"start":{"line":73,"column":16},"end":{"line":73,"column":25}},{"start":{"line":73,"column":29},"end":{"line":73,"column":32}},{"start":{"line":73,"column":38},"end":{"line":73,"column":45}},{"start":{"line":73,"column":49},"end":{"line":73,"column":52}}]},"9":{"loc":{"start":{"line":74,"column":16},"end":{"line":74,"column":33}},"type":"binary-expr","locations":[{"start":{"line":74,"column":16},"end":{"line":74,"column":24}},{"start":{"line":74,"column":28},"end":{"line":74,"column":33}}]},"10":{"loc":{"start":{"line":76,"column":8},"end":{"line":76,"column":31}},"type":"binary-expr","locations":[{"start":{"line":76,"column":8},"end":{"line":76,"column":14}},{"start":{"line":76,"column":18},"end":{"line":76,"column":31}}]},"11":{"loc":{"start":{"line":78,"column":8},"end":{"line":78,"column":31}},"type":"binary-expr","locations":[{"start":{"line":78,"column":8},"end":{"line":78,"column":14}},{"start":{"line":78,"column":18},"end":{"line":78,"column":31}}]},"12":{"loc":{"start":{"line":79,"column":8},"end":{"line":79,"column":40}},"type":"binary-expr","locations":[{"start":{"line":79,"column":8},"end":{"line":79,"column":15}},{"start":{"line":79,"column":19},"end":{"line":79,"column":25}},{"start":{"line":79,"column":29},"end":{"line":79,"column":40}}]},"13":{"loc":{"start":{"line":80,"column":8},"end":{"line":84,"column":9}},"type":"binary-expr","locations":[{"start":{"line":80,"column":8},"end":{"line":80,"column":15}},{"start":{"line":80,"column":19},"end":{"line":80,"column":25}},{"start":{"line":80,"column":29},"end":{"line":80,"column":36}},{"start":{"line":80,"column":40},"end":{"line":84,"column":9}}]},"14":{"loc":{"start":{"line":86,"column":8},"end":{"line":86,"column":43}},"type":"binary-expr","locations":[{"start":{"line":86,"column":8},"end":{"line":86,"column":13}},{"start":{"line":86,"column":17},"end":{"line":86,"column":43}}]},"15":{"loc":{"start":{"line":87,"column":8},"end":{"line":87,"column":22}},"type":"binary-expr","locations":[{"start":{"line":87,"column":8},"end":{"line":87,"column":13}},{"start":{"line":87,"column":17},"end":{"line":87,"column":22}}]},"16":{"loc":{"start":{"line":91,"column":18},"end":{"line":91,"column":40}},"type":"binary-expr","locations":[{"start":{"line":91,"column":18},"end":{"line":91,"column":27}},{"start":{"line":91,"column":31},"end":{"line":91,"column":40}}]},"17":{"loc":{"start":{"line":92,"column":17},"end":{"line":92,"column":49}},"type":"cond-expr","locations":[{"start":{"line":92,"column":25},"end":{"line":92,"column":37}},{"start":{"line":92,"column":40},"end":{"line":92,"column":49}}]},"18":{"loc":{"start":{"line":96,"column":10},"end":{"line":105,"column":11}},"type":"binary-expr","locations":[{"start":{"line":96,"column":10},"end":{"line":96,"column":16}},{"start":{"line":96,"column":20},"end":{"line":96,"column":25}},{"start":{"line":97,"column":12},"end":{"line":104,"column":31}}]},"19":{"loc":{"start":{"line":100,"column":16},"end":{"line":100,"column":46}},"type":"binary-expr","locations":[{"start":{"line":100,"column":16},"end":{"line":100,"column":21}},{"start":{"line":100,"column":25},"end":{"line":100,"column":46}}]},"20":{"loc":{"start":{"line":101,"column":16},"end":{"line":101,"column":42}},"type":"binary-expr","locations":[{"start":{"line":101,"column":16},"end":{"line":101,"column":26}},{"start":{"line":101,"column":30},"end":{"line":101,"column":42}}]},"21":{"loc":{"start":{"line":102,"column":16},"end":{"line":102,"column":42}},"type":"binary-expr","locations":[{"start":{"line":102,"column":16},"end":{"line":102,"column":26}},{"start":{"line":102,"column":30},"end":{"line":102,"column":42}}]},"22":{"loc":{"start":{"line":103,"column":16},"end":{"line":103,"column":38}},"type":"binary-expr","locations":[{"start":{"line":103,"column":16},"end":{"line":103,"column":25}},{"start":{"line":103,"column":29},"end":{"line":103,"column":38}}]},"23":{"loc":{"start":{"line":108,"column":12},"end":{"line":108,"column":37}},"type":"binary-expr","locations":[{"start":{"line":108,"column":12},"end":{"line":108,"column":19}},{"start":{"line":108,"column":23},"end":{"line":108,"column":37}}]}},"s":{"0":1,"1":0,"2":1,"3":1,"4":1,"5":1,"6":0,"7":1,"8":1,"9":1,"10":1},"f":{"0":0,"1":1},"b":{"0":[0,1],"1":[1,1],"2":[0,0],"3":[0,1],"4":[0,0],"5":[0,0,0],"6":[0,1],"7":[1,1,1],"8":[1,0,1,1],"9":[1,1],"10":[1,1],"11":[1,0],"12":[1,1,1],"13":[1,1,1,0],"14":[1,0],"15":[1,0],"16":[1,0],"17":[0,1],"18":[1,0,0],"19":[0,0],"20":[0,0],"21":[0,0],"22":[0,0],"23":[1,0]},"_coverageSchema":"332fd63041d2c1bcb487cc26dd0d5f7d97098a6c","hash":"082fa80347a00f274fdb7cb147ba7cf24774813f"}
,"/Users/montewithpillow/developer/open_source/react-native-elements/src/text/Text.js": {"path":"/Users/montewithpillow/developer/open_source/react-native-elements/src/text/Text.js","statementMap":{"0":{"start":{"line":6,"column":13},"end":{"line":6,"column":15}},"1":{"start":{"line":8,"column":20},"end":{"line":23,"column":1}},"2":{"start":{"line":9,"column":2},"end":{"line":22,"column":24}},"3":{"start":{"line":25,"column":0},"end":{"line":33,"column":2}},"4":{"start":{"line":35,"column":0},"end":{"line":50,"column":3}}},"fnMap":{"0":{"name":"(anonymous_0)","decl":{"start":{"line":8,"column":20},"end":{"line":8,"column":21}},"loc":{"start":{"line":9,"column":2},"end":{"line":22,"column":24}}}},"branchMap":{"0":{"loc":{"start":{"line":12,"column":6},"end":{"line":12,"column":37}},"type":"binary-expr","locations":[{"start":{"line":12,"column":6},"end":{"line":12,"column":8}},{"start":{"line":12,"column":12},"end":{"line":12,"column":37}}]},"1":{"loc":{"start":{"line":13,"column":6},"end":{"line":13,"column":37}},"type":"binary-expr","locations":[{"start":{"line":13,"column":6},"end":{"line":13,"column":8}},{"start":{"line":13,"column":12},"end":{"line":13,"column":37}}]},"2":{"loc":{"start":{"line":14,"column":6},"end":{"line":14,"column":37}},"type":"binary-expr","locations":[{"start":{"line":14,"column":6},"end":{"line":14,"column":8}},{"start":{"line":14,"column":12},"end":{"line":14,"column":37}}]},"3":{"loc":{"start":{"line":15,"column":6},"end":{"line":15,"column":37}},"type":"binary-expr","locations":[{"start":{"line":15,"column":6},"end":{"line":15,"column":8}},{"start":{"line":15,"column":12},"end":{"line":15,"column":37}}]},"4":{"loc":{"start":{"line":16,"column":6},"end":{"line":16,"column":23}},"type":"binary-expr","locations":[{"start":{"line":16,"column":6},"end":{"line":16,"column":8}},{"start":{"line":16,"column":12},"end":{"line":16,"column":23}}]},"5":{"loc":{"start":{"line":17,"column":6},"end":{"line":17,"column":23}},"type":"binary-expr","locations":[{"start":{"line":17,"column":6},"end":{"line":17,"column":8}},{"start":{"line":17,"column":12},"end":{"line":17,"column":23}}]},"6":{"loc":{"start":{"line":18,"column":6},"end":{"line":18,"column":23}},"type":"binary-expr","locations":[{"start":{"line":18,"column":6},"end":{"line":18,"column":8}},{"start":{"line":18,"column":12},"end":{"line":18,"column":23}}]},"7":{"loc":{"start":{"line":19,"column":6},"end":{"line":19,"column":23}},"type":"binary-expr","locations":[{"start":{"line":19,"column":6},"end":{"line":19,"column":8}},{"start":{"line":19,"column":12},"end":{"line":19,"column":23}}]},"8":{"loc":{"start":{"line":20,"column":6},"end":{"line":20,"column":32}},"type":"binary-expr","locations":[{"start":{"line":20,"column":6},"end":{"line":20,"column":16}},{"start":{"line":20,"column":20},"end":{"line":20,"column":32}}]},"9":{"loc":{"start":{"line":21,"column":6},"end":{"line":21,"column":20}},"type":"binary-expr","locations":[{"start":{"line":21,"column":6},"end":{"line":21,"column":11}},{"start":{"line":21,"column":15},"end":{"line":21,"column":20}}]}},"s":{"0":13,"1":13,"2":6,"3":13,"4":13},"f":{"0":6},"b":{"0":[6,1],"1":[6,1],"2":[6,1],"3":[6,1],"4":[6,1],"5":[6,1],"6":[6,1],"7":[6,1],"8":[6,0],"9":[6,0]},"_coverageSchema":"332fd63041d2c1bcb487cc26dd0d5f7d97098a6c","hash":"5057ae89a4523400200d0eff71c1fa3d495e115e"}
,"/Users/montewithpillow/developer/open_source/react-native-elements/src/tile/FeaturedTile.js": {"path":"/Users/montewithpillow/developer/open_source/react-native-elements/src/tile/FeaturedTile.js","statementMap":{"0":{"start":{"line":12,"column":21},"end":{"line":128,"column":1}},"1":{"start":{"line":28,"column":2},"end":{"line":30,"column":3}},"2":{"start":{"line":29,"column":4},"end":{"line":29,"column":43}},"3":{"start":{"line":31,"column":2},"end":{"line":33,"column":3}},"4":{"start":{"line":32,"column":4},"end":{"line":32,"column":25}},"5":{"start":{"line":35,"column":17},"end":{"line":75,"column":4}},"6":{"start":{"line":77,"column":2},"end":{"line":127,"column":4}},"7":{"start":{"line":130,"column":0},"end":{"line":145,"column":2}}},"fnMap":{"0":{"name":"(anonymous_0)","decl":{"start":{"line":12,"column":21},"end":{"line":12,"column":22}},"loc":{"start":{"line":27,"column":6},"end":{"line":128,"column":1}}}},"branchMap":{"0":{"loc":{"start":{"line":28,"column":2},"end":{"line":30,"column":3}},"type":"if","locations":[{"start":{"line":28,"column":2},"end":{"line":30,"column":3}},{"start":{"line":28,"column":2},"end":{"line":30,"column":3}}]},"1":{"loc":{"start":{"line":31,"column":2},"end":{"line":33,"column":3}},"type":"if","locations":[{"start":{"line":31,"column":2},"end":{"line":33,"column":3}},{"start":{"line":31,"column":2},"end":{"line":33,"column":3}}]},"2":{"loc":{"start":{"line":83,"column":8},"end":{"line":83,"column":40}},"type":"binary-expr","locations":[{"start":{"line":83,"column":8},"end":{"line":83,"column":22}},{"start":{"line":83,"column":26},"end":{"line":83,"column":40}}]},"3":{"loc":{"start":{"line":90,"column":10},"end":{"line":90,"column":52}},"type":"binary-expr","locations":[{"start":{"line":90,"column":10},"end":{"line":90,"column":29}},{"start":{"line":90,"column":33},"end":{"line":90,"column":52}}]},"4":{"loc":{"start":{"line":96,"column":12},"end":{"line":96,"column":58}},"type":"binary-expr","locations":[{"start":{"line":96,"column":12},"end":{"line":96,"column":33}},{"start":{"line":96,"column":37},"end":{"line":96,"column":58}}]},"5":{"loc":{"start":{"line":102,"column":14},"end":{"line":102,"column":54}},"type":"binary-expr","locations":[{"start":{"line":102,"column":14},"end":{"line":102,"column":32}},{"start":{"line":102,"column":36},"end":{"line":102,"column":54}}]},"6":{"loc":{"start":{"line":105,"column":13},"end":{"line":105,"column":39}},"type":"binary-expr","locations":[{"start":{"line":105,"column":13},"end":{"line":105,"column":17}},{"start":{"line":105,"column":21},"end":{"line":105,"column":39}}]},"7":{"loc":{"start":{"line":111,"column":14},"end":{"line":111,"column":38}},"type":"binary-expr","locations":[{"start":{"line":111,"column":14},"end":{"line":111,"column":24}},{"start":{"line":111,"column":28},"end":{"line":111,"column":38}}]},"8":{"loc":{"start":{"line":119,"column":14},"end":{"line":119,"column":42}},"type":"binary-expr","locations":[{"start":{"line":119,"column":14},"end":{"line":119,"column":26}},{"start":{"line":119,"column":30},"end":{"line":119,"column":42}}]}},"s":{"0":2,"1":1,"2":1,"3":1,"4":1,"5":1,"6":1,"7":2},"f":{"0":1},"b":{"0":[1,0],"1":[1,0],"2":[1,0],"3":[1,0],"4":[1,0],"5":[1,0],"6":[1,0],"7":[1,0],"8":[1,0]},"_coverageSchema":"332fd63041d2c1bcb487cc26dd0d5f7d97098a6c","hash":"fc39e36fa45aa330b402a732b4c99b2c007a4b07"}
,"/Users/montewithpillow/developer/open_source/react-native-elements/src/tile/Tile.js": {"path":"/Users/montewithpillow/developer/open_source/react-native-elements/src/tile/Tile.js","statementMap":{"0":{"start":{"line":13,"column":13},"end":{"line":134,"column":1}},"1":{"start":{"line":32,"column":2},"end":{"line":34,"column":3}},"2":{"start":{"line":33,"column":4},"end":{"line":33,"column":43}},"3":{"start":{"line":36,"column":2},"end":{"line":38,"column":3}},"4":{"start":{"line":37,"column":4},"end":{"line":37,"column":25}},"5":{"start":{"line":40,"column":17},"end":{"line":67,"column":4}},"6":{"start":{"line":69,"column":2},"end":{"line":88,"column":3}},"7":{"start":{"line":70,"column":26},"end":{"line":84,"column":5}},"8":{"start":{"line":85,"column":4},"end":{"line":87,"column":6}},"9":{"start":{"line":90,"column":2},"end":{"line":133,"column":4}},"10":{"start":{"line":136,"column":0},"end":{"line":154,"column":2}}},"fnMap":{"0":{"name":"(anonymous_0)","decl":{"start":{"line":13,"column":13},"end":{"line":13,"column":14}},"loc":{"start":{"line":31,"column":6},"end":{"line":134,"column":1}}}},"branchMap":{"0":{"loc":{"start":{"line":32,"column":2},"end":{"line":34,"column":3}},"type":"if","locations":[{"start":{"line":32,"column":2},"end":{"line":34,"column":3}},{"start":{"line":32,"column":2},"end":{"line":34,"column":3}}]},"1":{"loc":{"start":{"line":36,"column":2},"end":{"line":38,"column":3}},"type":"if","locations":[{"start":{"line":36,"column":2},"end":{"line":38,"column":3}},{"start":{"line":36,"column":2},"end":{"line":38,"column":3}}]},"2":{"loc":{"start":{"line":69,"column":2},"end":{"line":88,"column":3}},"type":"if","locations":[{"start":{"line":69,"column":2},"end":{"line":88,"column":3}},{"start":{"line":69,"column":2},"end":{"line":88,"column":3}}]},"3":{"loc":{"start":{"line":96,"column":8},"end":{"line":96,"column":40}},"type":"binary-expr","locations":[{"start":{"line":96,"column":8},"end":{"line":96,"column":22}},{"start":{"line":96,"column":26},"end":{"line":96,"column":40}}]},"4":{"loc":{"start":{"line":103,"column":10},"end":{"line":103,"column":52}},"type":"binary-expr","locations":[{"start":{"line":103,"column":10},"end":{"line":103,"column":29}},{"start":{"line":103,"column":33},"end":{"line":103,"column":52}}]},"5":{"loc":{"start":{"line":109,"column":12},"end":{"line":109,"column":52}},"type":"binary-expr","locations":[{"start":{"line":109,"column":12},"end":{"line":109,"column":30}},{"start":{"line":109,"column":34},"end":{"line":109,"column":52}}]},"6":{"loc":{"start":{"line":112,"column":11},"end":{"line":112,"column":37}},"type":"binary-expr","locations":[{"start":{"line":112,"column":11},"end":{"line":112,"column":15}},{"start":{"line":112,"column":19},"end":{"line":112,"column":37}}]},"7":{"loc":{"start":{"line":118,"column":10},"end":{"line":118,"column":56}},"type":"binary-expr","locations":[{"start":{"line":118,"column":10},"end":{"line":118,"column":31}},{"start":{"line":118,"column":35},"end":{"line":118,"column":56}}]},"8":{"loc":{"start":{"line":125,"column":12},"end":{"line":125,"column":36}},"type":"binary-expr","locations":[{"start":{"line":125,"column":12},"end":{"line":125,"column":22}},{"start":{"line":125,"column":26},"end":{"line":125,"column":36}}]}},"s":{"0":1,"1":1,"2":1,"3":1,"4":1,"5":1,"6":1,"7":0,"8":0,"9":1,"10":1},"f":{"0":1},"b":{"0":[1,0],"1":[1,0],"2":[0,1],"3":[1,0],"4":[1,0],"5":[1,0],"6":[1,0],"7":[1,0],"8":[1,0]},"_coverageSchema":"332fd63041d2c1bcb487cc26dd0d5f7d97098a6c","hash":"390340262aa7bf0de914247a38d96e6d054119d6"}
}
