TN:
SF:/Users/montewithpillow/developer/open_source/react-native-elements/src/Divider.js
FN:7,(anonymous_0)
FNF:1
FNH:0
FNDA:0,(anonymous_0)
DA:5,1
DA:7,1
DA:8,0
DA:11,1
DA:15,1
LF:5
LH:4
BRDA:8,0,0,0
BRDA:8,0,1,0
BRF:2
BRH:0
end_of_record
TN:
SF:/Users/montewithpillow/developer/open_source/react-native-elements/src/badge/badge.js
FN:6,(anonymous_0)
FNF:1
FNH:0
FNDA:0,(anonymous_0)
DA:4,2
DA:6,2
DA:7,0
DA:8,0
DA:15,2
DA:19,2
LF:6
LH:4
BRDA:7,0,0,0
BRDA:7,0,1,0
BRF:2
BRH:0
end_of_record
TN:
SF:/Users/montewithpillow/developer/open_source/react-native-elements/src/buttons/Button.js
FN:11,(anonymous_0)
FN:15,(anonymous_1)
FNF:2
FNH:1
FNDA:0,(anonymous_0)
FNDA:11,(anonymous_1)
DA:9,2
DA:11,2
DA:12,0
DA:15,2
DA:58,11
DA:60,0
DA:61,0
DA:63,0
DA:65,0
DA:77,11
DA:78,1
DA:87,11
DA:88,11
DA:90,11
DA:91,0
DA:93,11
DA:94,0
DA:96,11
DA:162,2
DA:206,2
LF:20
LH:13
BRDA:58,0,0,0
BRDA:58,0,1,11
BRDA:60,1,0,0
BRDA:60,1,1,0
BRDA:67,2,0,0
BRDA:67,2,1,0
BRDA:68,3,0,0
BRDA:68,3,1,0
BRDA:68,4,0,0
BRDA:68,4,1,0
BRDA:70,5,0,0
BRDA:70,5,1,0
BRDA:71,6,0,0
BRDA:71,6,1,0
BRDA:77,7,0,1
BRDA:77,7,1,10
BRDA:82,8,0,1
BRDA:82,8,1,1
BRDA:83,9,0,1
BRDA:83,9,1,0
BRDA:83,9,2,1
BRDA:87,10,0,11
BRDA:87,10,1,0
BRDA:87,11,0,11
BRDA:87,11,1,11
BRDA:90,12,0,0
BRDA:90,12,1,11
BRDA:90,13,0,11
BRDA:90,13,1,0
BRDA:93,14,0,0
BRDA:93,14,1,11
BRDA:113,15,0,11
BRDA:113,15,1,11
BRDA:114,16,0,11
BRDA:114,16,1,10
BRDA:115,17,0,11
BRDA:115,17,1,11
BRDA:119,18,0,11
BRDA:119,18,1,1
BRDA:120,19,0,11
BRDA:120,19,1,1
BRDA:121,20,0,11
BRDA:121,20,1,1
BRDA:122,21,0,11
BRDA:122,21,1,1
BRDA:123,22,0,11
BRDA:123,22,1,1
BRDA:124,23,0,11
BRDA:124,23,1,1
BRDA:125,24,0,11
BRDA:125,24,1,0
BRDA:126,25,0,11
BRDA:126,25,1,0
BRDA:127,26,0,11
BRDA:127,26,1,11
BRDA:128,27,0,11
BRDA:128,27,1,0
BRDA:129,28,0,11
BRDA:129,28,1,0
BRDA:130,29,0,11
BRDA:130,29,1,0
BRDA:130,29,2,0
BRDA:134,30,0,11
BRDA:134,30,1,0
BRDA:134,30,2,0
BRDA:137,31,0,11
BRDA:137,31,1,1
BRDA:137,31,2,1
BRDA:142,32,0,11
BRDA:142,32,1,0
BRDA:143,33,0,11
BRDA:143,33,1,11
BRDA:144,34,0,11
BRDA:144,34,1,0
BRDA:145,35,0,11
BRDA:145,35,1,0
BRDA:146,36,0,11
BRDA:146,36,1,0
BRDA:147,37,0,11
BRDA:147,37,1,0
BRDA:152,38,0,11
BRDA:152,38,1,1
BRDA:152,38,2,0
BRDA:155,39,0,11
BRDA:155,39,1,0
BRDA:155,39,2,0
BRF:86
BRH:52
end_of_record
TN:
SF:/Users/montewithpillow/developer/open_source/react-native-elements/src/buttons/ButtonGroup.js
FN:9,(anonymous_0)
FN:29,(anonymous_1)
FN:36,(anonymous_2)
FNF:3
FNH:2
FNDA:1,(anonymous_0)
FNDA:3,(anonymous_1)
FNDA:0,(anonymous_2)
DA:7,1
DA:9,1
DA:25,1
DA:26,1
DA:30,3
DA:36,0
DA:66,1
DA:101,1
LF:8
LH:7
BRDA:25,0,0,1
BRDA:25,0,1,1
BRDA:27,1,0,1
BRDA:27,1,1,0
BRDA:35,2,0,3
BRDA:35,2,1,3
BRDA:41,3,0,3
BRDA:41,3,1,2
BRDA:42,4,0,3
BRDA:42,4,1,2
BRDA:43,5,0,3
BRDA:43,5,1,0
BRDA:43,6,0,0
BRDA:43,6,1,0
BRDA:47,7,0,0
BRDA:47,7,1,3
BRDA:51,8,0,3
BRDA:51,8,1,0
BRDA:52,9,0,3
BRDA:52,9,1,0
BRDA:53,10,0,3
BRDA:53,10,1,0
BRF:22
BRH:14
end_of_record
TN:
SF:/Users/montewithpillow/developer/open_source/react-native-elements/src/checkbox/CheckBox.js
FN:11,(anonymous_0)
FNF:1
FNH:1
FNDA:4,(anonymous_0)
DA:9,1
DA:11,1
DA:12,4
DA:13,4
DA:14,0
DA:16,4
DA:17,4
DA:18,4
DA:19,0
DA:21,4
DA:64,1
DA:75,1
DA:97,1
LF:13
LH:11
BRDA:13,0,0,0
BRDA:13,0,1,4
BRDA:16,1,0,4
BRDA:16,1,1,3
BRDA:18,2,0,0
BRDA:18,2,1,4
BRDA:27,3,0,4
BRDA:27,3,1,0
BRDA:31,4,0,4
BRDA:31,4,1,0
BRDA:32,5,0,4
BRDA:32,5,1,0
BRDA:35,6,0,4
BRDA:35,6,1,4
BRDA:37,7,0,0
BRDA:37,7,1,4
BRDA:46,8,0,4
BRDA:46,8,1,0
BRDA:47,9,0,4
BRDA:47,9,1,0
BRDA:49,10,0,0
BRDA:49,10,1,4
BRDA:49,11,0,0
BRDA:49,11,1,0
BRDA:52,12,0,4
BRDA:52,12,1,0
BRDA:54,13,0,0
BRDA:54,13,1,0
BRF:28
BRH:14
end_of_record
TN:
SF:/Users/montewithpillow/developer/open_source/react-native-elements/src/config/colors.js
FNF:0
FNH:0
LF:0
LH:0
BRF:0
BRH:0
end_of_record
TN:
SF:/Users/montewithpillow/developer/open_source/react-native-elements/src/config/fonts.js
FNF:0
FNH:0
LF:0
LH:0
BRF:0
BRH:0
end_of_record
TN:
SF:/Users/montewithpillow/developer/open_source/react-native-elements/src/containers/Card.js
FN:11,(anonymous_0)
FNF:1
FNH:1
FNDA:2,(anonymous_0)
DA:9,1
DA:11,1
DA:23,2
DA:60,1
DA:74,1
LF:5
LH:5
BRDA:25,0,0,2
BRDA:25,0,1,0
BRDA:26,1,0,2
BRDA:26,1,1,0
BRDA:27,2,0,2
BRDA:27,2,1,0
BRDA:27,3,0,2
BRDA:27,3,1,0
BRDA:29,4,0,2
BRDA:29,4,1,1
BRDA:29,4,2,1
BRDA:33,5,0,1
BRDA:33,5,1,0
BRDA:34,6,0,1
BRDA:34,6,1,0
BRDA:36,7,0,1
BRDA:36,7,1,0
BRDA:41,8,0,2
BRDA:41,8,1,0
BRDA:42,9,0,0
BRDA:42,9,1,0
BRDA:45,10,0,0
BRDA:45,10,1,0
BRDA:48,11,0,0
BRDA:48,11,1,0
BRDA:49,12,0,0
BRDA:49,12,1,0
BRDA:49,13,0,0
BRDA:49,13,1,0
BRDA:55,14,0,2
BRDA:55,14,1,2
BRF:31
BRH:13
end_of_record
TN:
SF:/Users/montewithpillow/developer/open_source/react-native-elements/src/form/FormInput.js
FN:10,(anonymous_0)
FN:14,(anonymous_1)
FN:18,(anonymous_2)
FNF:3
FNH:1
FNDA:0,(anonymous_0)
FNDA:0,(anonymous_1)
FNDA:3,(anonymous_2)
DA:6,1
DA:7,1
DA:11,0
DA:12,0
DA:15,0
DA:16,0
DA:61,3
DA:62,3
DA:108,1
DA:152,1
LF:10
LH:6
BRDA:63,0,0,3
BRDA:63,0,1,0
BRDA:101,1,0,3
BRDA:101,1,1,3
BRDA:103,2,0,3
BRDA:103,2,1,0
BRF:6
BRH:4
end_of_record
TN:
SF:/Users/montewithpillow/developer/open_source/react-native-elements/src/form/FormLabel.js
FN:10,(anonymous_0)
FNF:1
FNH:1
FNDA:2,(anonymous_0)
DA:8,1
DA:10,1
DA:11,2
DA:20,1
DA:27,1
LF:5
LH:5
BRDA:11,0,0,2
BRDA:11,0,1,0
BRDA:14,1,0,2
BRDA:14,1,1,0
BRDA:15,2,0,2
BRDA:15,2,1,0
BRF:6
BRH:3
end_of_record
TN:
SF:/Users/montewithpillow/developer/open_source/react-native-elements/src/form/FormValidationMessage.js
FN:9,(anonymous_0)
FNF:1
FNH:1
FNDA:2,(anonymous_0)
DA:7,1
DA:9,1
DA:10,2
DA:19,1
DA:26,1
LF:5
LH:5
BRDA:10,0,0,2
BRDA:10,0,1,0
BRDA:13,1,0,2
BRDA:13,1,1,0
BRDA:14,2,0,2
BRDA:14,2,1,0
BRF:6
BRH:3
end_of_record
TN:
SF:/Users/montewithpillow/developer/open_source/react-native-elements/src/grid/Col.js
FN:4,(anonymous_0)
FNF:1
FNH:1
FNDA:2,(anonymous_0)
DA:4,1
DA:5,2
DA:7,2
DA:14,2
DA:15,0
DA:33,2
DA:46,1
DA:54,1
LF:8
LH:7
BRDA:9,0,0,0
BRDA:9,0,1,2
BRDA:9,1,0,0
BRDA:9,1,1,2
BRDA:9,2,0,2
BRDA:9,2,1,0
BRDA:14,3,0,0
BRDA:14,3,1,2
BRDA:19,4,0,0
BRDA:19,4,1,0
BRDA:37,5,0,2
BRDA:37,5,1,0
BRF:12
BRH:5
end_of_record
TN:
SF:/Users/montewithpillow/developer/open_source/react-native-elements/src/grid/Grid.js
FN:13,(anonymous_0)
FN:15,(anonymous_1)
FN:24,(anonymous_2)
FNF:3
FNH:3
FNDA:2,(anonymous_0)
FNDA:1,(anonymous_1)
FNDA:2,(anonymous_2)
DA:14,2
DA:15,2
DA:16,1
DA:17,0
DA:21,2
DA:25,2
DA:27,2
DA:28,0
DA:43,2
DA:57,1
DA:64,1
LF:11
LH:9
BRDA:9,0,0,0
BRDA:9,0,1,2
BRDA:16,1,0,0
BRDA:16,1,1,1
BRDA:16,2,0,1
BRDA:16,2,1,1
BRDA:27,3,0,0
BRDA:27,3,1,2
BRDA:33,4,0,0
BRDA:33,4,1,0
BRDA:47,5,0,2
BRDA:47,5,1,0
BRF:12
BRH:6
end_of_record
TN:
SF:/Users/montewithpillow/developer/open_source/react-native-elements/src/grid/Row.js
FN:4,(anonymous_0)
FNF:1
FNH:1
FNDA:2,(anonymous_0)
DA:4,2
DA:5,2
DA:7,2
DA:14,2
DA:15,0
DA:33,2
DA:46,2
DA:54,2
LF:8
LH:7
BRDA:9,0,0,0
BRDA:9,0,1,2
BRDA:9,1,0,0
BRDA:9,1,1,2
BRDA:9,2,0,2
BRDA:9,2,1,0
BRDA:14,3,0,0
BRDA:14,3,1,2
BRDA:19,4,0,0
BRDA:19,4,1,0
BRDA:37,5,0,2
BRDA:37,5,1,0
BRF:12
BRH:5
end_of_record
TN:
SF:/Users/montewithpillow/developer/open_source/react-native-elements/src/helpers/getIconType.js
FN:12,(anonymous_0)
FNF:1
FNH:1
FNDA:1,(anonymous_0)
DA:13,1
DA:15,0
DA:17,0
DA:19,1
DA:21,0
DA:23,0
DA:25,0
DA:27,0
DA:29,0
DA:31,0
DA:33,0
DA:35,0
LF:12
LH:2
BRDA:13,0,0,0
BRDA:13,0,1,0
BRDA:13,0,2,1
BRDA:13,0,3,0
BRDA:13,0,4,0
BRDA:13,0,5,0
BRDA:13,0,6,0
BRDA:13,0,7,0
BRDA:13,0,8,0
BRDA:13,0,9,0
BRDA:13,0,10,0
BRF:11
BRH:1
end_of_record
TN:
SF:/Users/montewithpillow/developer/open_source/react-native-elements/src/helpers/normalizeText.js
FN:31,(anonymous_0)
FNF:1
FNH:1
FNDA:21,(anonymous_0)
DA:12,15
DA:16,15
DA:18,15
DA:19,15
DA:20,15
DA:31,15
DA:32,21
DA:34,21
DA:35,0
DA:38,21
DA:39,0
DA:41,21
DA:42,0
DA:45,21
DA:47,0
DA:50,0
DA:51,0
DA:54,0
DA:55,0
DA:59,0
DA:60,0
DA:64,0
DA:66,0
DA:69,0
DA:70,0
DA:73,0
DA:74,0
DA:78,0
DA:79,0
DA:82,0
DA:85,0
DA:88,15
LF:32
LH:12
BRDA:32,0,0,21
BRDA:32,0,1,0
BRDA:34,1,0,0
BRDA:34,1,1,21
BRDA:38,2,0,0
BRDA:38,2,1,21
BRDA:41,3,0,0
BRDA:41,3,1,21
BRDA:41,4,0,21
BRDA:41,4,1,21
BRDA:47,5,0,0
BRDA:47,5,1,0
BRDA:50,6,0,0
BRDA:50,6,1,0
BRDA:54,7,0,0
BRDA:54,7,1,0
BRDA:59,8,0,0
BRDA:59,8,1,0
BRDA:59,9,0,0
BRDA:59,9,1,0
BRDA:66,10,0,0
BRDA:66,10,1,0
BRDA:69,11,0,0
BRDA:69,11,1,0
BRDA:73,12,0,0
BRDA:73,12,1,0
BRDA:78,13,0,0
BRDA:78,13,1,0
BRDA:78,14,0,0
BRDA:78,14,1,0
BRF:30
BRH:6
end_of_record
TN:
SF:/Users/montewithpillow/developer/open_source/react-native-elements/src/icons/Icon.js
FN:7,(anonymous_0)
FNF:1
FNH:1
FNDA:1,(anonymous_0)
DA:5,5
DA:7,5
DA:22,1
DA:23,1
DA:24,0
DA:26,1
DA:27,0
DA:30,1
DA:31,1
DA:33,0
DA:35,1
DA:68,5
DA:84,5
DA:93,5
LF:14
LH:11
BRDA:23,0,0,0
BRDA:23,0,1,1
BRDA:26,1,0,0
BRDA:26,1,1,1
BRDA:30,2,0,1
BRDA:30,2,1,0
BRDA:38,3,0,0
BRDA:38,3,1,1
BRDA:38,4,0,1
BRDA:38,4,1,0
BRDA:41,5,0,1
BRDA:41,5,1,1
BRDA:41,5,2,0
BRDA:42,6,0,1
BRDA:42,6,1,1
BRDA:42,6,2,0
BRDA:47,7,0,1
BRDA:47,7,1,0
BRDA:49,8,0,0
BRDA:49,8,1,1
BRDA:49,9,0,0
BRDA:49,9,1,1
BRDA:52,10,0,1
BRDA:52,10,1,0
BRDA:59,11,0,1
BRDA:59,11,1,0
BRDA:63,12,0,0
BRDA:63,12,1,1
BRF:28
BRH:15
end_of_record
TN:
SF:/Users/montewithpillow/developer/open_source/react-native-elements/src/input/Search.js
FN:8,(anonymous_0)
FN:13,(anonymous_1)
FN:18,(anonymous_2)
FNF:3
FNH:1
FNDA:0,(anonymous_0)
FNDA:0,(anonymous_1)
FNDA:1,(anonymous_2)
DA:9,0
DA:10,0
DA:14,0
DA:15,0
DA:71,1
DA:72,1
DA:171,1
DA:224,1
DA:234,1
LF:9
LH:5
BRDA:77,0,0,1
BRDA:77,0,1,0
BRDA:78,1,0,1
BRDA:78,1,1,0
BRDA:118,2,0,1
BRDA:118,2,1,1
BRDA:120,3,0,0
BRDA:120,3,1,1
BRDA:123,4,0,1
BRDA:123,4,1,0
BRDA:124,5,0,1
BRDA:124,5,1,0
BRDA:125,6,0,1
BRDA:125,6,1,0
BRDA:125,7,0,0
BRDA:125,7,1,0
BRDA:126,8,0,1
BRDA:126,8,1,0
BRDA:129,9,0,1
BRDA:129,9,1,1
BRDA:134,10,0,1
BRDA:134,10,1,0
BRDA:136,11,0,1
BRDA:136,11,1,1
BRDA:137,12,0,1
BRDA:137,12,1,1
BRDA:142,13,0,1
BRDA:142,13,1,0
BRDA:147,14,0,0
BRDA:147,14,1,0
BRDA:149,15,0,0
BRDA:149,15,1,0
BRDA:151,16,0,0
BRDA:151,16,1,0
BRDA:156,17,0,1
BRDA:156,17,1,0
BRDA:160,18,0,0
BRDA:160,18,1,0
BRDA:162,19,0,0
BRDA:162,19,1,0
BRF:40
BRH:18
end_of_record
TN:
SF:/Users/montewithpillow/developer/open_source/react-native-elements/src/list/List.js
FN:6,(anonymous_0)
FNF:1
FNH:1
FNDA:2,(anonymous_0)
DA:6,1
DA:7,2
DA:12,1
DA:17,1
LF:4
LH:4
BRDA:7,0,0,2
BRDA:7,0,1,0
BRF:2
BRH:1
end_of_record
TN:
SF:/Users/montewithpillow/developer/open_source/react-native-elements/src/list/ListItem.js
FN:12,(anonymous_0)
FNF:1
FNH:1
FNDA:1,(anonymous_0)
DA:12,2
DA:63,1
DA:64,1
DA:65,0
DA:67,1
DA:68,0
DA:70,1
DA:202,2
DA:212,2
DA:266,2
LF:10
LH:8
BRDA:63,0,0,0
BRDA:63,0,1,1
BRDA:63,1,0,1
BRDA:63,1,1,1
BRDA:64,2,0,0
BRDA:64,2,1,1
BRDA:67,3,0,0
BRDA:67,3,1,1
BRDA:75,4,0,1
BRDA:75,4,1,0
BRDA:76,5,0,1
BRDA:76,5,1,0
BRDA:78,6,0,1
BRDA:78,6,1,0
BRDA:78,6,2,0
BRDA:79,7,0,0
BRDA:79,7,1,0
BRDA:82,8,0,0
BRDA:82,8,1,0
BRDA:84,9,0,0
BRDA:84,9,1,0
BRDA:85,10,0,0
BRDA:85,10,1,0
BRDA:91,11,0,1
BRDA:91,11,1,0
BRDA:95,12,0,0
BRDA:95,12,1,0
BRDA:96,13,0,0
BRDA:96,13,1,0
BRDA:103,14,0,0
BRDA:103,14,1,1
BRDA:103,15,0,1
BRDA:103,15,1,0
BRDA:103,15,2,0
BRDA:107,16,0,0
BRDA:107,16,1,0
BRDA:108,17,0,0
BRDA:108,17,1,0
BRDA:109,18,0,0
BRDA:109,18,1,0
BRDA:118,19,0,0
BRDA:118,19,1,1
BRDA:118,20,0,1
BRDA:118,20,1,0
BRDA:118,20,2,0
BRDA:122,21,0,0
BRDA:122,21,1,0
BRDA:123,22,0,0
BRDA:123,22,1,0
BRDA:124,23,0,0
BRDA:124,23,1,0
BRDA:134,24,0,1
BRDA:134,24,1,0
BRDA:134,24,2,0
BRDA:134,24,3,0
BRDA:141,25,0,1
BRDA:141,25,1,0
BRDA:163,26,0,1
BRDA:163,26,1,1
BRDA:169,27,0,1
BRDA:169,27,1,0
BRDA:170,28,0,1
BRDA:170,28,1,1
BRDA:176,29,0,1
BRDA:176,29,1,0
BRDA:176,29,2,0
BRDA:189,30,0,1
BRDA:189,30,1,0
BRDA:189,30,2,0
BRDA:195,31,0,1
BRDA:195,31,1,0
BRF:71
BRH:23
end_of_record
TN:
SF:/Users/montewithpillow/developer/open_source/react-native-elements/src/pricing/PricingCard.js
FN:11,(anonymous_0)
FN:37,(anonymous_1)
FNF:2
FNH:2
FNDA:1,(anonymous_0)
FNDA:3,(anonymous_1)
DA:9,1
DA:11,1
DA:25,1
DA:38,3
DA:59,1
DA:77,1
DA:81,1
LF:7
LH:7
BRDA:25,0,0,1
BRDA:25,0,1,0
BRDA:26,1,0,1
BRDA:26,1,1,0
BRDA:30,2,0,1
BRDA:30,2,1,0
BRDA:34,3,0,1
BRDA:34,3,1,0
BRDA:40,4,0,3
BRDA:40,4,1,0
BRDA:50,5,0,1
BRDA:50,5,1,0
BRF:12
BRH:6
end_of_record
TN:
SF:/Users/montewithpillow/developer/open_source/react-native-elements/src/slider/Slider.js
FN:22,Rect
FN:29,(anonymous_1)
FN:37,(anonymous_2)
FN:48,(anonymous_3)
FN:60,(anonymous_4)
FN:103,(anonymous_5)
FN:107,(anonymous_6)
FN:120,(anonymous_7)
FN:125,(anonymous_8)
FN:130,(anonymous_9)
FN:139,(anonymous_10)
FN:144,(anonymous_11)
FN:153,(anonymous_12)
FN:159,(anonymous_13)
FN:164,(anonymous_14)
FN:170,(anonymous_15)
FN:183,(anonymous_16)
FN:205,(anonymous_17)
FN:226,(anonymous_18)
FN:230,(anonymous_19)
FN:234,(anonymous_20)
FN:238,(anonymous_21)
FN:259,(anonymous_22)
FN:263,(anonymous_23)
FN:267,(anonymous_24)
FN:272,(anonymous_25)
FN:285,(anonymous_26)
FN:302,(anonymous_27)
FNF:28
FNH:5
FNDA:0,Rect
FNDA:0,(anonymous_1)
FNDA:1,(anonymous_2)
FNDA:1,(anonymous_3)
FNDA:0,(anonymous_4)
FNDA:0,(anonymous_5)
FNDA:0,(anonymous_6)
FNDA:0,(anonymous_7)
FNDA:0,(anonymous_8)
FNDA:0,(anonymous_9)
FNDA:0,(anonymous_10)
FNDA:0,(anonymous_11)
FNDA:0,(anonymous_12)
FNDA:0,(anonymous_13)
FNDA:0,(anonymous_14)
FNDA:1,(anonymous_15)
FNDA:1,(anonymous_16)
FNDA:0,(anonymous_17)
FNDA:0,(anonymous_18)
FNDA:0,(anonymous_19)
FNDA:0,(anonymous_20)
FNDA:0,(anonymous_21)
FNDA:0,(anonymous_22)
FNDA:0,(anonymous_23)
FNDA:0,(anonymous_24)
FNDA:0,(anonymous_25)
FNDA:0,(anonymous_26)
FNDA:1,(anonymous_27)
DA:7,1
DA:8,1
DA:10,1
DA:23,0
DA:24,0
DA:25,0
DA:26,0
DA:29,1
DA:30,0
DA:38,1
DA:39,1
DA:49,1
DA:61,0
DA:63,0
DA:64,0
DA:65,0
DA:68,0
DA:104,0
DA:108,0
DA:109,0
DA:117,0
DA:122,0
DA:126,0
DA:127,0
DA:131,0
DA:132,0
DA:135,0
DA:136,0
DA:141,0
DA:145,0
DA:146,0
DA:149,0
DA:150,0
DA:154,0
DA:155,0
DA:156,0
DA:161,0
DA:165,0
DA:166,0
DA:171,1
DA:172,1
DA:174,1
DA:175,1
DA:176,0
DA:177,0
DA:180,1
DA:184,1
DA:186,1
DA:187,1
DA:188,0
DA:189,0
DA:190,0
DA:192,0
DA:193,0
DA:194,0
DA:197,1
DA:198,0
DA:199,0
DA:202,1
DA:206,0
DA:207,0
DA:209,0
DA:210,0
DA:211,0
DA:212,0
DA:214,0
DA:216,0
DA:217,0
DA:227,0
DA:231,0
DA:235,0
DA:239,0
DA:240,0
DA:242,0
DA:244,0
DA:245,0
DA:251,0
DA:260,0
DA:264,0
DA:268,0
DA:269,0
DA:273,0
DA:274,0
DA:275,0
DA:277,0
DA:286,0
DA:287,0
DA:294,0
DA:315,1
DA:317,1
DA:319,1
DA:320,1
DA:326,1
DA:327,1
DA:328,1
DA:331,1
DA:339,1
DA:341,1
DA:371,1
DA:486,1
DA:499,1
LF:101
LH:30
BRDA:30,0,0,0
BRDA:30,0,1,0
BRDA:30,0,2,0
BRDA:30,0,3,0
BRDA:63,1,0,0
BRDA:63,1,1,0
BRDA:64,2,0,0
BRDA:64,2,1,0
BRDA:131,3,0,0
BRDA:131,3,1,0
BRDA:145,4,0,0
BRDA:145,4,1,0
BRDA:165,5,0,0
BRDA:165,5,1,0
BRDA:175,6,0,0
BRDA:175,6,1,1
BRDA:187,7,0,0
BRDA:187,7,1,1
BRDA:187,8,0,1
BRDA:187,8,1,0
BRDA:197,9,0,0
BRDA:197,9,1,1
BRDA:211,10,0,0
BRDA:211,10,1,0
BRDA:211,11,0,0
BRDA:211,11,1,0
BRDA:211,11,2,0
BRDA:216,12,0,0
BRDA:216,12,1,0
BRDA:216,13,0,0
BRDA:216,13,1,0
BRDA:216,13,2,0
BRDA:244,14,0,0
BRDA:244,14,1,0
BRDA:319,15,0,1
BRDA:319,15,1,1
BRDA:327,16,0,1
BRDA:327,16,1,0
BRDA:364,17,0,1
BRDA:364,17,1,0
BRF:40
BRH:8
end_of_record
TN:
SF:/Users/montewithpillow/developer/open_source/react-native-elements/src/social/SocialIcon.js
FN:8,(anonymous_0)
FN:36,(anonymous_1)
FNF:2
FNH:1
FNDA:0,(anonymous_0)
FNDA:1,(anonymous_1)
DA:8,1
DA:9,0
DA:12,1
DA:36,1
DA:57,1
DA:59,1
DA:60,0
DA:69,1
DA:115,1
DA:140,1
DA:147,1
LF:11
LH:9
BRDA:57,0,0,0
BRDA:57,0,1,1
BRDA:57,1,0,1
BRDA:57,1,1,1
BRDA:57,2,0,0
BRDA:57,2,1,0
BRDA:59,3,0,0
BRDA:59,3,1,1
BRDA:64,4,0,0
BRDA:64,4,1,0
BRDA:65,5,0,0
BRDA:65,5,1,0
BRDA:65,5,2,0
BRDA:71,6,0,0
BRDA:71,6,1,1
BRDA:72,7,0,1
BRDA:72,7,1,1
BRDA:72,7,2,1
BRDA:73,8,0,1
BRDA:73,8,1,0
BRDA:73,8,2,1
BRDA:73,8,3,1
BRDA:74,9,0,1
BRDA:74,9,1,1
BRDA:76,10,0,1
BRDA:76,10,1,1
BRDA:78,11,0,1
BRDA:78,11,1,0
BRDA:79,12,0,1
BRDA:79,12,1,1
BRDA:79,12,2,1
BRDA:80,13,0,1
BRDA:80,13,1,1
BRDA:80,13,2,1
BRDA:80,13,3,0
BRDA:86,14,0,1
BRDA:86,14,1,0
BRDA:87,15,0,1
BRDA:87,15,1,0
BRDA:91,16,0,1
BRDA:91,16,1,0
BRDA:92,17,0,0
BRDA:92,17,1,1
BRDA:96,18,0,1
BRDA:96,18,1,0
BRDA:96,18,2,0
BRDA:100,19,0,0
BRDA:100,19,1,0
BRDA:101,20,0,0
BRDA:101,20,1,0
BRDA:102,21,0,0
BRDA:102,21,1,0
BRDA:103,22,0,0
BRDA:103,22,1,0
BRDA:108,23,0,1
BRDA:108,23,1,0
BRF:56
BRH:28
end_of_record
TN:
SF:/Users/montewithpillow/developer/open_source/react-native-elements/src/text/Text.js
FN:8,(anonymous_0)
FNF:1
FNH:1
FNDA:6,(anonymous_0)
DA:6,13
DA:8,13
DA:9,6
DA:25,13
DA:35,13
LF:5
LH:5
BRDA:12,0,0,6
BRDA:12,0,1,1
BRDA:13,1,0,6
BRDA:13,1,1,1
BRDA:14,2,0,6
BRDA:14,2,1,1
BRDA:15,3,0,6
BRDA:15,3,1,1
BRDA:16,4,0,6
BRDA:16,4,1,1
BRDA:17,5,0,6
BRDA:17,5,1,1
BRDA:18,6,0,6
BRDA:18,6,1,1
BRDA:19,7,0,6
BRDA:19,7,1,1
BRDA:20,8,0,6
BRDA:20,8,1,0
BRDA:21,9,0,6
BRDA:21,9,1,0
BRF:20
BRH:18
end_of_record
TN:
SF:/Users/montewithpillow/developer/open_source/react-native-elements/src/tile/FeaturedTile.js
FN:12,(anonymous_0)
FNF:1
FNH:1
FNDA:1,(anonymous_0)
DA:12,2
DA:28,1
DA:29,1
DA:31,1
DA:32,1
DA:35,1
DA:77,1
DA:130,2
LF:8
LH:8
BRDA:28,0,0,1
BRDA:28,0,1,0
BRDA:31,1,0,1
BRDA:31,1,1,0
BRDA:83,2,0,1
BRDA:83,2,1,0
BRDA:90,3,0,1
BRDA:90,3,1,0
BRDA:96,4,0,1
BRDA:96,4,1,0
BRDA:102,5,0,1
BRDA:102,5,1,0
BRDA:105,6,0,1
BRDA:105,6,1,0
BRDA:111,7,0,1
BRDA:111,7,1,0
BRDA:119,8,0,1
BRDA:119,8,1,0
BRF:18
BRH:9
end_of_record
TN:
SF:/Users/montewithpillow/developer/open_source/react-native-elements/src/tile/Tile.js
FN:13,(anonymous_0)
FNF:1
FNH:1
FNDA:1,(anonymous_0)
DA:13,1
DA:32,1
DA:33,1
DA:36,1
DA:37,1
DA:40,1
DA:69,1
DA:70,0
DA:85,0
DA:90,1
DA:136,1
LF:11
LH:9
BRDA:32,0,0,1
BRDA:32,0,1,0
BRDA:36,1,0,1
BRDA:36,1,1,0
BRDA:69,2,0,0
BRDA:69,2,1,1
BRDA:96,3,0,1
BRDA:96,3,1,0
BRDA:103,4,0,1
BRDA:103,4,1,0
BRDA:109,5,0,1
BRDA:109,5,1,0
BRDA:112,6,0,1
BRDA:112,6,1,0
BRDA:118,7,0,1
BRDA:118,7,1,0
BRDA:125,8,0,1
BRDA:125,8,1,0
BRF:18
BRH:9
end_of_record
